Watching for file changes with StatReloader
Exception in thread django-main-thread:
Traceback (most recent call last):
  File "/usr/lib/python3.8/threading.py", line 932, in _bootstrap_inner
    self.run()
  File "/usr/lib/python3.8/threading.py", line 870, in run
    self._target(*self._args, **self._kwargs)
  File "/home/webapp/myenv/lib/python3.8/site-packages/django/utils/autoreload.py", line 64, in wrapper
    fn(*args, **kwargs)
  File "/home/webapp/myenv/lib/python3.8/site-packages/django/core/management/commands/runserver.py", line 140, in inner_run
    run(
  File "/home/webapp/myenv/lib/python3.8/site-packages/django/core/servers/basehttp.py", line 269, in run
    httpd = httpd_cls(server_address, WSGIRequestHandler, ipv6=ipv6)
  File "/home/webapp/myenv/lib/python3.8/site-packages/django/core/servers/basehttp.py", line 77, in __init__
    super().__init__(*args, **kwargs)
  File "/usr/lib/python3.8/socketserver.py", line 452, in __init__
    self.server_bind()
  File "/usr/lib/python3.8/wsgiref/simple_server.py", line 50, in server_bind
    HTTPServer.server_bind(self)
  File "/usr/lib/python3.8/http/server.py", line 138, in server_bind
    socketserver.TCPServer.server_bind(self)
  File "/usr/lib/python3.8/socketserver.py", line 466, in server_bind
    self.socket.bind(self.server_address)
OverflowError: bind(): port must be 0-65535.
Watching for file changes with StatReloader
Forbidden (CSRF token from POST incorrect.): /
[10/Feb/2024 18:49:32] "POST / HTTP/1.1" 403 2518
[10/Feb/2024 18:49:33] "GET /admin/siteApp/siteinfo/?o=2 HTTP/1.1" 302 0
[10/Feb/2024 18:49:33] "GET /admin/login/?next=/admin/siteApp/siteinfo/%3Fo%3D2 HTTP/1.1" 200 4231
[10/Feb/2024 18:49:34] "GET /admin/login/?next=/admin/siteApp/siteinfo/%3Fo%3D2 HTTP/1.1" 200 4231
[10/Feb/2024 18:49:38] "GET / HTTP/1.1" 200 1060
[10/Feb/2024 18:49:39] "GET /static/upload.css HTTP/1.1" 304 0
[10/Feb/2024 18:49:39] "GET /static/siteimage.jpg HTTP/1.1" 304 0
[10/Feb/2024 18:50:30] "POST /admin/login/?next=/admin/siteApp/siteinfo/%3Fo%3D2 HTTP/1.1" 302 0
[10/Feb/2024 18:50:30] "GET /admin/siteApp/siteinfo/?o=2 HTTP/1.1" 200 49162
[10/Feb/2024 18:50:31] "GET /admin/jsi18n/ HTTP/1.1" 200 3343
[10/Feb/2024 18:53:46] "POST /admin/siteApp/siteinfo/?o=2 HTTP/1.1" 200 23418
[10/Feb/2024 18:53:51] "POST /admin/siteApp/siteinfo/?o=2 HTTP/1.1" 302 0
[10/Feb/2024 18:53:52] "GET /admin/siteApp/siteinfo/?o=2 HTTP/1.1" 200 21532
[10/Feb/2024 18:53:52] "GET /admin/jsi18n/ HTTP/1.1" 200 3343
[10/Feb/2024 18:53:57] "POST /admin/siteApp/siteinfo/?o=2 HTTP/1.1" 200 12377
[10/Feb/2024 18:53:59] "POST /admin/siteApp/siteinfo/?o=2 HTTP/1.1" 302 0
[10/Feb/2024 18:54:00] "GET /admin/siteApp/siteinfo/?o=2 HTTP/1.1" 200 8023
[10/Feb/2024 18:54:00] "GET /admin/jsi18n/ HTTP/1.1" 200 3343
[10/Feb/2024 18:54:03] "GET /admin/siteApp/siteinfo/?o=2 HTTP/1.1" 200 7882
[10/Feb/2024 18:54:03] "GET /admin/jsi18n/ HTTP/1.1" 200 3343
[10/Feb/2024 19:01:51] "GET /admin/siteApp/siteinfo/?o=2 HTTP/1.1" 200 7882
[10/Feb/2024 19:01:52] "GET /admin/jsi18n/ HTTP/1.1" 200 3343
Forbidden (CSRF token from POST incorrect.): /
[10/Feb/2024 19:02:01] "POST / HTTP/1.1" 403 2518
[10/Feb/2024 19:02:07] "GET / HTTP/1.1" 200 1060
[10/Feb/2024 19:02:08] "GET /static/upload.css HTTP/1.1" 304 0
[10/Feb/2024 19:02:08] "GET /static/siteimage.jpg HTTP/1.1" 304 0
[10/Feb/2024 19:02:17] "GET /admin/siteApp/siteinfo/ HTTP/1.1" 200 9937
[10/Feb/2024 19:02:18] "GET /admin/jsi18n/ HTTP/1.1" 200 3343
[10/Feb/2024 19:03:24] "GET /admin/siteApp/siteinfo/ HTTP/1.1" 200 24646
[10/Feb/2024 19:03:24] "GET /admin/jsi18n/ HTTP/1.1" 200 3343
[10/Feb/2024 19:04:02] "GET / HTTP/1.1" 200 1060
[10/Feb/2024 19:04:05] "GET /admin/siteApp/siteinfo/ HTTP/1.1" 200 33453
[10/Feb/2024 19:04:05] "GET /admin/jsi18n/ HTTP/1.1" 200 3343
[10/Feb/2024 19:04:07] "GET /admin/siteApp/siteinfo/ HTTP/1.1" 200 33821
[10/Feb/2024 19:04:07] "GET /admin/jsi18n/ HTTP/1.1" 200 3343
[10/Feb/2024 19:04:08] "GET /admin/siteApp/siteinfo/ HTTP/1.1" 200 34203
[10/Feb/2024 19:04:09] "GET /admin/jsi18n/ HTTP/1.1" 200 3343
[10/Feb/2024 19:04:11] "GET /admin/siteApp/siteinfo/ HTTP/1.1" 200 34574
[10/Feb/2024 19:04:11] "GET /admin/jsi18n/ HTTP/1.1" 200 3343
[10/Feb/2024 19:04:15] "GET /admin/siteApp/siteinfo/ HTTP/1.1" 200 35687
[10/Feb/2024 19:04:15] "GET /admin/jsi18n/ HTTP/1.1" 200 3343
[10/Feb/2024 19:04:17] "GET /admin/siteApp/siteinfo/ HTTP/1.1" 200 36058
[10/Feb/2024 19:04:17] "GET /admin/jsi18n/ HTTP/1.1" 200 3343
[11/Feb/2024 02:52:06] "POST / HTTP/1.1" 302 0
[11/Feb/2024 03:48:51] "GET / HTTP/1.1" 200 1060
[11/Feb/2024 23:29:30] "GET / HTTP/1.1" 200 1060
Not Found: /robots.txt
[12/Feb/2024 03:35:02] "GET /robots.txt HTTP/1.1" 404 2568
[12/Feb/2024 03:35:04] "GET / HTTP/1.1" 200 1060
[12/Feb/2024 03:35:14] "GET /static/upload.css HTTP/1.1" 200 3443
[12/Feb/2024 04:59:19] "GET / HTTP/1.1" 200 1060
[12/Feb/2024 11:49:07] "GET / HTTP/1.1" 200 1060
[12/Feb/2024 11:49:07] "GET /static/upload.css HTTP/1.1" 304 0
[12/Feb/2024 11:49:08] "GET /static/siteimage.jpg HTTP/1.1" 304 0
[12/Feb/2024 11:49:08] "GET /static/assets/favicon.ico HTTP/1.1" 404 1817
[12/Feb/2024 11:49:41] "GET /admin/ HTTP/1.1" 302 0
[12/Feb/2024 11:49:41] "GET /admin/login/?next=/admin/ HTTP/1.1" 200 4185
Not Found: /favicon.ico
[12/Feb/2024 11:49:42] "GET /favicon.ico HTTP/1.1" 404 2576
[12/Feb/2024 11:49:46] "POST /admin/login/?next=/admin/ HTTP/1.1" 302 0
[12/Feb/2024 11:49:46] "GET /admin/ HTTP/1.1" 200 8871
[12/Feb/2024 11:49:48] "GET /admin/siteApp/siteinfo/ HTTP/1.1" 200 44657
[12/Feb/2024 11:49:49] "GET /admin/jsi18n/ HTTP/1.1" 200 3343
[12/Feb/2024 11:50:02] "GET /admin/siteApp/siteinfo/?o=2 HTTP/1.1" 200 47472
[12/Feb/2024 11:50:02] "GET /admin/jsi18n/ HTTP/1.1" 200 3343
[12/Feb/2024 11:52:11] "GET /admin/siteApp/siteinfo/ HTTP/1.1" 302 0
[12/Feb/2024 11:52:12] "GET /admin/login/?next=/admin/siteApp/siteinfo/ HTTP/1.1" 200 4219
[12/Feb/2024 11:52:14] "GET /static/admin/css/base.css HTTP/1.1" 200 21207
[12/Feb/2024 11:52:14] "GET /static/admin/css/dark_mode.css HTTP/1.1" 200 2929
[12/Feb/2024 11:52:14] "GET /static/admin/css/nav_sidebar.css HTTP/1.1" 200 2694
[12/Feb/2024 11:52:14] "GET /static/admin/css/login.css HTTP/1.1" 200 958
[12/Feb/2024 11:52:14] "GET /static/admin/css/responsive.css HTTP/1.1" 200 18533
[12/Feb/2024 11:52:15] "GET /static/admin/js/theme.js HTTP/1.1" 200 1943
[12/Feb/2024 11:52:15] "GET /static/admin/js/nav_sidebar.js HTTP/1.1" 200 3063
[12/Feb/2024 11:52:16] "GET /admin/siteApp/siteinfo/ HTTP/1.1" 302 0
[12/Feb/2024 11:52:17] "GET /admin/login/?next=/admin/siteApp/siteinfo/ HTTP/1.1" 200 4219
[12/Feb/2024 11:52:17] "GET /static/admin/css/base.css HTTP/1.1" 200 21207
[12/Feb/2024 11:52:17] "GET /static/admin/css/dark_mode.css HTTP/1.1" 200 2929
[12/Feb/2024 11:52:18] "GET /static/admin/css/nav_sidebar.css HTTP/1.1" 200 2694
[12/Feb/2024 11:52:18] "GET /static/admin/css/login.css HTTP/1.1" 200 958
[12/Feb/2024 11:52:18] "GET /static/admin/css/responsive.css HTTP/1.1" 200 18533
[12/Feb/2024 11:52:18] "GET /static/admin/js/theme.js HTTP/1.1" 200 1943
[12/Feb/2024 11:52:19] "GET /static/admin/js/nav_sidebar.js HTTP/1.1" 200 3063
Not Found: /favicon.ico
[12/Feb/2024 11:52:19] "GET /favicon.ico HTTP/1.1" 404 2576
Not Found: /favicon.ico
[12/Feb/2024 11:52:22] "GET /favicon.ico HTTP/1.1" 404 2576
[12/Feb/2024 11:52:47] "POST /admin/login/?next=/admin/siteApp/siteinfo/ HTTP/1.1" 302 0
[12/Feb/2024 11:52:48] "GET /admin/siteApp/siteinfo/ HTTP/1.1" 200 44657
[12/Feb/2024 11:52:48] "GET /static/admin/css/changelists.css HTTP/1.1" 200 6566
[12/Feb/2024 11:52:48] "GET /admin/jsi18n/ HTTP/1.1" 200 3343
[12/Feb/2024 11:52:49] "GET /static/admin/js/jquery.init.js HTTP/1.1" 200 347
[12/Feb/2024 11:52:49] "GET /static/admin/js/core.js HTTP/1.1" 200 5682
[12/Feb/2024 11:52:49] "GET /static/admin/js/admin/RelatedObjectLookups.js HTTP/1.1" 200 8943
[12/Feb/2024 11:52:50] "GET /static/admin/js/actions.js HTTP/1.1" 200 7872
[12/Feb/2024 11:52:50] "GET /static/admin/js/urlify.js HTTP/1.1" 200 7887
[12/Feb/2024 11:52:51] "GET /static/admin/js/prepopulate.js HTTP/1.1" 200 1531
[12/Feb/2024 11:52:52] "GET /static/admin/img/search.svg HTTP/1.1" 200 458
[12/Feb/2024 11:52:52] "GET /static/admin/img/icon-yes.svg HTTP/1.1" 200 436
[12/Feb/2024 11:53:00] "GET / HTTP/1.1" 200 1060
[12/Feb/2024 11:53:00] "GET /static/admin/js/filters.js HTTP/1.1" 200 978
[12/Feb/2024 11:53:00] "GET /static/admin/img/icon-unknown.svg HTTP/1.1" 200 655
[12/Feb/2024 11:53:00] "GET /static/upload.css HTTP/1.1" 200 3443
[12/Feb/2024 11:53:04] "GET /static/assets/favicon.ico HTTP/1.1" 404 1817
[12/Feb/2024 11:53:09] "GET /admin HTTP/1.1" 301 0
[12/Feb/2024 11:53:11] "GET /admin/ HTTP/1.1" 200 8871
[12/Feb/2024 11:53:11] "GET /static/admin/css/dashboard.css HTTP/1.1" 200 441
[12/Feb/2024 11:53:13] "GET /static/admin/img/icon-addlink.svg HTTP/1.1" 200 331
[12/Feb/2024 11:53:13] "GET /static/admin/img/icon-changelink.svg HTTP/1.1" 200 380
[12/Feb/2024 11:53:14] "GET /static/admin/img/icon-deletelink.svg HTTP/1.1" 200 392
[12/Feb/2024 11:53:17] "GET /admin/siteApp/siteinfo/ HTTP/1.1" 200 44657
[12/Feb/2024 11:53:17] "GET /admin/jsi18n/ HTTP/1.1" 200 3343
[12/Feb/2024 11:53:40] "GET /static/admin/js/vendor/xregexp/xregexp.js HTTP/1.1" 200 232381
[12/Feb/2024 11:54:00] "GET /static/admin/js/filters.js HTTP/1.1" 200 978
[12/Feb/2024 11:54:02] "GET /static/admin/img/icon-unknown.svg HTTP/1.1" 200 655
[12/Feb/2024 11:54:03] "GET /static/admin/js/vendor/jquery/jquery.js HTTP/1.1" 200 292458
[12/Feb/2024 11:54:31] "GET /static/admin/img/tooltag-add.svg HTTP/1.1" 200 331
/home/webapp/SiteIndex/siteApp/admin.py changed, reloading.
Performing system checks...

System check identified no issues (0 silenced).
February 10, 2024 - 18:49:28
Django version 4.2.6, using settings 'SiteIndex.settings'
Starting development server at http://70.36.107.109:6363/
Quit the server with CONTROL-C.

/home/webapp/SiteIndex/siteApp/admin.py changed, reloading.
Performing system checks...

System check identified no issues (0 silenced).
Watching for file changes with StatReloader
Watching for file changes with StatReloader
Exception in thread django-main-thread:
Traceback (most recent call last):
  File "/usr/lib/python3.8/threading.py", line 932, in _bootstrap_inner
    self.run()
  File "/usr/lib/python3.8/threading.py", line 870, in run
    self._target(*self._args, **self._kwargs)
  File "/home/webapp/myenv/lib/python3.8/site-packages/django/utils/autoreload.py", line 64, in wrapper
    fn(*args, **kwargs)
  File "/home/webapp/myenv/lib/python3.8/site-packages/django/core/management/commands/runserver.py", line 140, in inner_run
    run(
  File "/home/webapp/myenv/lib/python3.8/site-packages/django/core/servers/basehttp.py", line 269, in run
    httpd = httpd_cls(server_address, WSGIRequestHandler, ipv6=ipv6)
  File "/home/webapp/myenv/lib/python3.8/site-packages/django/core/servers/basehttp.py", line 77, in __init__
    super().__init__(*args, **kwargs)
  File "/usr/lib/python3.8/socketserver.py", line 452, in __init__
    self.server_bind()
  File "/usr/lib/python3.8/wsgiref/simple_server.py", line 50, in server_bind
    HTTPServer.server_bind(self)
  File "/usr/lib/python3.8/http/server.py", line 138, in server_bind
    socketserver.TCPServer.server_bind(self)
  File "/usr/lib/python3.8/socketserver.py", line 466, in server_bind
    self.socket.bind(self.server_address)
OverflowError: bind(): port must be 0-65535.
[12/Feb/2024 11:57:06] "GET /admin/siteApp/siteinfo/?o=2 HTTP/1.1" 200 47993
[12/Feb/2024 11:57:06] "GET /admin/jsi18n/ HTTP/1.1" 200 3343
[12/Feb/2024 11:57:08] "GET /admin/siteApp/siteinfo/?is_indexed__exact=1&o=2 HTTP/1.1" 200 50880
[12/Feb/2024 11:57:08] "GET /admin/jsi18n/ HTTP/1.1" 200 3343
[12/Feb/2024 11:57:16] "GET /admin/siteApp/siteinfo/?is_indexed__exact=0&o=2 HTTP/1.1" 200 9215
[12/Feb/2024 11:57:17] "GET /admin/jsi18n/ HTTP/1.1" 200 3343
[12/Feb/2024 11:57:19] "GET /admin/siteApp/siteinfo/?is_indexed__isnull=True&o=2 HTTP/1.1" 200 52962
[12/Feb/2024 11:57:19] "GET /admin/jsi18n/ HTTP/1.1" 200 3343
[12/Feb/2024 11:59:47] "GET /admin/siteApp/siteinfo/17971/change/ HTTP/1.1" 200 9480
[12/Feb/2024 11:59:48] "GET /static/admin/css/forms.css HTTP/1.1" 200 9047
[12/Feb/2024 11:59:48] "GET /admin/jsi18n/ HTTP/1.1" 200 3343
[12/Feb/2024 11:59:48] "GET /static/admin/js/prepopulate_init.js HTTP/1.1" 200 586
[12/Feb/2024 11:59:50] "GET /static/admin/css/widgets.css HTTP/1.1" 200 11900
[12/Feb/2024 11:59:50] "GET /static/admin/js/change_form.js HTTP/1.1" 200 606
[12/Feb/2024 12:00:10] "GET /admin/siteApp/siteinfo/17965/change/ HTTP/1.1" 200 9483
[12/Feb/2024 12:00:11] "GET /admin/jsi18n/ HTTP/1.1" 200 3343
[12/Feb/2024 12:13:11] "GET /admin/login/?next=/admin/siteApp/siteinfo/ HTTP/1.1" 200 4219
[12/Feb/2024 12:13:16] "GET /admin/ HTTP/1.1" 302 0
[12/Feb/2024 12:13:17] "GET /admin/login/?next=/admin/ HTTP/1.1" 200 4185
[12/Feb/2024 12:15:32] "GET /admin/ HTTP/1.1" 302 0
[12/Feb/2024 12:15:33] "GET /admin/login/?next=/admin/ HTTP/1.1" 200 4185
[12/Feb/2024 12:15:47] "POST /admin/login/?next=/admin/ HTTP/1.1" 302 0
[12/Feb/2024 12:15:50] "GET /admin/ HTTP/1.1" 200 8871
[12/Feb/2024 12:15:51] "GET /static/admin/css/dashboard.css HTTP/1.1" 200 441
[12/Feb/2024 12:15:52] "GET /static/admin/img/icon-addlink.svg HTTP/1.1" 200 331
[12/Feb/2024 12:15:53] "GET /static/admin/img/icon-changelink.svg HTTP/1.1" 200 380
[12/Feb/2024 12:15:53] "GET /static/admin/img/icon-deletelink.svg HTTP/1.1" 200 392
[12/Feb/2024 12:15:57] "GET /admin/siteApp/siteinfo/ HTTP/1.1" 200 45151
[12/Feb/2024 12:15:58] "GET /admin/siteApp/siteinfo/ HTTP/1.1" 200 45151
[12/Feb/2024 12:16:00] "GET /static/admin/css/changelists.css HTTP/1.1" 200 6566
[12/Feb/2024 12:16:00] "GET /static/admin/js/jquery.init.js HTTP/1.1" 200 347
[12/Feb/2024 12:16:00] "GET /admin/jsi18n/ HTTP/1.1" 200 3343
[12/Feb/2024 12:16:01] "GET /static/admin/js/core.js HTTP/1.1" 200 5682
[12/Feb/2024 12:16:02] "GET /static/admin/js/admin/RelatedObjectLookups.js HTTP/1.1" 200 8943
[12/Feb/2024 12:16:04] "GET /static/admin/js/actions.js HTTP/1.1" 200 7872
[12/Feb/2024 12:16:05] "GET /static/admin/js/urlify.js HTTP/1.1" 200 7887
[12/Feb/2024 12:16:05] "GET /static/admin/js/prepopulate.js HTTP/1.1" 200 1531
[12/Feb/2024 12:16:51] "GET /admin/siteApp/siteinfo/?is_indexed__exact=1&o=2 HTTP/1.1" 200 50880
[12/Feb/2024 12:16:51] "GET /admin/jsi18n/ HTTP/1.1" 200 3343
[12/Feb/2024 12:17:11] "GET /static/admin/img/icon-yes.svg HTTP/1.1" 200 436
[12/Feb/2024 12:17:11] "GET /static/admin/img/search.svg HTTP/1.1" 200 458
[12/Feb/2024 12:17:55] "GET /static/admin/js/vendor/jquery/jquery.js HTTP/1.1" 200 292458
[12/Feb/2024 12:18:26] "GET /admin/siteApp/siteinfo/?is_indexed__exact=1&o=2 HTTP/1.1" 200 50880
[12/Feb/2024 12:18:27] "GET /admin/jsi18n/ HTTP/1.1" 200 3343
[12/Feb/2024 12:18:30] "GET /admin/siteApp/siteinfo/ HTTP/1.1" 200 45151
[12/Feb/2024 12:18:30] "GET /admin/jsi18n/ HTTP/1.1" 200 3343
[12/Feb/2024 12:18:38] "GET / HTTP/1.1" 200 1060
[12/Feb/2024 12:20:38] "GET /static/admin/js/vendor/xregexp/xregexp.js HTTP/1.1" 200 232381
[12/Feb/2024 12:20:45] "GET /static/admin/js/filters.js HTTP/1.1" 200 978
[12/Feb/2024 12:20:46] "GET /static/admin/img/icon-unknown.svg HTTP/1.1" 200 655
[12/Feb/2024 12:28:19] "GET / HTTP/1.1" 200 1053
Watching for file changes with StatReloader
Watching for file changes with StatReloader
[12/Feb/2024 16:45:36] "GET / HTTP/1.1" 200 1295
[12/Feb/2024 16:45:37] "GET /static/upload.css HTTP/1.1" 304 0
[12/Feb/2024 16:46:43] "GET /view/ HTTP/1.1" 200 2875
[12/Feb/2024 16:46:44] "GET /static/view.css HTTP/1.1" 304 0
[12/Feb/2024 16:46:44] "GET /static/font.css HTTP/1.1" 304 0
[12/Feb/2024 16:46:45] "GET /static/font/Lexend_Deca/LexendDeca-Regular.ttf HTTP/1.1" 304 0
[12/Feb/2024 16:47:21] "GET /view/ HTTP/1.1" 200 2876
[12/Feb/2024 16:47:22] "GET /static/site.ico HTTP/1.1" 304 0
[12/Feb/2024 16:48:26] "GET /view/ HTTP/1.1" 200 2708
[12/Feb/2024 16:48:55] "GET /view/ HTTP/1.1" 200 2671
[12/Feb/2024 16:55:27] "GET /admin/siteApp/siteinfo/ HTTP/1.1" 200 51967
[12/Feb/2024 16:55:28] "GET /admin/jsi18n/ HTTP/1.1" 200 3343
[12/Feb/2024 16:55:43] "GET /view/ HTTP/1.1" 200 3190
[12/Feb/2024 16:57:02] "GET /view/ HTTP/1.1" 200 3190
[12/Feb/2024 16:57:30] "GET /view/ HTTP/1.1" 200 3220
[12/Feb/2024 16:57:39] "GET /view/ HTTP/1.1" 200 3220
[12/Feb/2024 16:57:39] "GET /static/view.css HTTP/1.1" 304 0
[12/Feb/2024 16:57:41] "GET /view/ HTTP/1.1" 200 3220
[12/Feb/2024 16:59:20] "GET /view/ HTTP/1.1" 200 3802
[12/Feb/2024 17:00:58] "GET /view/ HTTP/1.1" 200 3952
[12/Feb/2024 17:00:59] "GET /static/font.css HTTP/1.1" 304 0
[12/Feb/2024 17:00:59] "GET /static/font/Lexend_Deca/LexendDeca-Regular.ttf HTTP/1.1" 304 0
[12/Feb/2024 17:05:31] "GET /view/ HTTP/1.1" 200 3955
[12/Feb/2024 17:07:04] "GET /view/ HTTP/1.1" 200 3955
[12/Feb/2024 17:07:54] "GET /view/ HTTP/1.1" 200 3955
[12/Feb/2024 17:09:03] "GET /view/ HTTP/1.1" 200 3955
[12/Feb/2024 17:09:38] "GET /view/ HTTP/1.1" 200 3955
[12/Feb/2024 17:09:38] "GET /static/view.css HTTP/1.1" 304 0
[12/Feb/2024 17:09:41] "GET /view/ HTTP/1.1" 200 3955
[12/Feb/2024 17:09:43] "GET /view/ HTTP/1.1" 200 3955
[12/Feb/2024 17:11:11] "GET /view/ HTTP/1.1" 200 3955
[12/Feb/2024 17:11:23] "GET /view/ HTTP/1.1" 200 3955
[12/Feb/2024 17:12:11] "GET /view/ HTTP/1.1" 200 3955
[12/Feb/2024 17:12:15] "GET /download_data/?project_name=New%20Site&data_type=all HTTP/1.1" 200 1961
[12/Feb/2024 17:12:29] "GET /download_data/?project_name=New%20Site&data_type=indexed HTTP/1.1" 200 16
[12/Feb/2024 17:12:40] "GET /download_data/?project_name=New%20Site&data_type=not_specified HTTP/1.1" 200 1961
[12/Feb/2024 17:13:04] "GET /admin/siteApp/siteinfo/?is_indexed__exact=0 HTTP/1.1" 200 9129
[12/Feb/2024 17:13:04] "GET /admin/jsi18n/ HTTP/1.1" 200 3343
[12/Feb/2024 17:13:07] "GET /admin/siteApp/siteinfo/?is_indexed__isnull=True HTTP/1.1" 200 57231
[12/Feb/2024 17:13:07] "GET /admin/jsi18n/ HTTP/1.1" 200 3343
[12/Feb/2024 17:13:50] "GET /view/ HTTP/1.1" 200 3955
[12/Feb/2024 17:13:51] "GET /static/site.ico HTTP/1.1" 304 0
[12/Feb/2024 17:14:59] "GET /admin/siteApp/siteinfo/?is_indexed__isnull=True HTTP/1.1" 200 56968
[12/Feb/2024 17:15:00] "GET /admin/jsi18n/ HTTP/1.1" 200 3343
[12/Feb/2024 17:22:49] "GET /view/ HTTP/1.1" 200 3845
[12/Feb/2024 17:22:51] "GET /static/view.css HTTP/1.1" 304 0
[12/Feb/2024 17:22:51] "GET /static/font.css HTTP/1.1" 304 0
[12/Feb/2024 17:22:52] "GET /static/font/Lexend_Deca/LexendDeca-Regular.ttf HTTP/1.1" 304 0
[12/Feb/2024 17:24:28] "GET /admin/siteApp/siteinfo/? HTTP/1.1" 200 51734
[12/Feb/2024 17:24:29] "GET /admin/jsi18n/ HTTP/1.1" 200 3343
/home/webapp/SiteIndex/siteApp/views.py changed, reloading.
Performing system checks...

System check identified no issues (0 silenced).
February 12, 2024 - 16:45:22
Django version 4.2.6, using settings 'SiteIndex.settings'
Starting development server at http://70.36.107.109:6363/
Quit the server with CONTROL-C.

Watching for file changes with StatReloader
/home/webapp/SiteIndex/siteApp/admin.py changed, reloading.
Performing system checks...

System check identified no issues (0 silenced).
February 12, 2024 - 17:24:49
Django version 4.2.6, using settings 'SiteIndex.settings'
Starting development server at http://70.36.107.109:6363/
Quit the server with CONTROL-C.

Watching for file changes with StatReloader
[12/Feb/2024 17:25:50] "GET /admin/siteApp/siteinfo/? HTTP/1.1" 200 52168
[12/Feb/2024 17:25:50] "GET /admin/jsi18n/ HTTP/1.1" 200 3343
[12/Feb/2024 17:32:35] "GET /admin/siteApp/siteinfo/? HTTP/1.1" 200 52168
[12/Feb/2024 17:32:36] "GET /admin/jsi18n/ HTTP/1.1" 200 3343
[12/Feb/2024 17:47:43] "GET /view/ HTTP/1.1" 200 3845
[12/Feb/2024 17:47:43] "GET /static/view.css HTTP/1.1" 304 0
[12/Feb/2024 17:47:44] "GET /static/font.css HTTP/1.1" 304 0
[12/Feb/2024 17:47:44] "GET /static/font/Lexend_Deca/LexendDeca-Regular.ttf HTTP/1.1" 304 0
[12/Feb/2024 17:47:45] "GET /static/site.ico HTTP/1.1" 304 0
[12/Feb/2024 17:47:47] "GET /view/ HTTP/1.1" 200 3845
[12/Feb/2024 17:47:50] "GET /view/ HTTP/1.1" 200 3845
[12/Feb/2024 17:47:56] "GET /view/ HTTP/1.1" 200 3845
[12/Feb/2024 17:48:01] "GET /admin/siteApp/siteinfo/? HTTP/1.1" 200 52168
[12/Feb/2024 17:48:01] "GET /admin/jsi18n/ HTTP/1.1" 200 3343
[12/Feb/2024 17:48:09] "GET /admin/siteApp/siteinfo/? HTTP/1.1" 200 52168
[12/Feb/2024 17:48:10] "GET /admin/jsi18n/ HTTP/1.1" 200 3343
[12/Feb/2024 17:48:39] "GET /admin/siteApp/siteinfo/ HTTP/1.1" 200 8683
[12/Feb/2024 17:48:40] "GET /admin/jsi18n/ HTTP/1.1" 200 3343
[12/Feb/2024 17:48:43] "GET /view/ HTTP/1.1" 200 3780
[12/Feb/2024 17:48:56] "GET / HTTP/1.1" 200 1295
[12/Feb/2024 17:48:56] "GET /static/upload.css HTTP/1.1" 304 0
[12/Feb/2024 17:49:07] "GET /admin/siteApp/siteinfo/ HTTP/1.1" 200 8683
[12/Feb/2024 17:49:07] "GET /admin/jsi18n/ HTTP/1.1" 200 3343
[12/Feb/2024 17:49:10] "GET /admin/siteApp/siteinfo/ HTTP/1.1" 200 10324
[12/Feb/2024 17:49:11] "GET /admin/jsi18n/ HTTP/1.1" 200 3343
[12/Feb/2024 17:49:27] "GET /view HTTP/1.1" 301 0
[12/Feb/2024 17:49:27] "GET /view/ HTTP/1.1" 200 3801
[12/Feb/2024 17:50:04] "GET /view/ HTTP/1.1" 200 3801
[12/Feb/2024 17:50:27] "GET /view/ HTTP/1.1" 200 3801
[12/Feb/2024 17:50:31] "GET /view/ HTTP/1.1" 200 3801
[12/Feb/2024 17:50:34] "GET /view/ HTTP/1.1" 200 3801
[12/Feb/2024 17:50:37] "GET /view/ HTTP/1.1" 200 3801
[12/Feb/2024 17:51:13] code 400, message Bad request version ('\x00\x02\x01\x00\x00+\x00\x07\x06::\x03\x04\x03\x03\x00')
[12/Feb/2024 17:51:13] You're accessing the development server over HTTPS, but it only supports HTTP.
[12/Feb/2024 17:51:13] code 400, message Bad request version ('\x02h2\x08http/1.1\x00-\x00\x02\x01\x01\x00+\x00\x07\x06')
[12/Feb/2024 17:51:13] You're accessing the development server over HTTPS, but it only supports HTTP.
[12/Feb/2024 17:51:14] code 400, message Bad request version ('Ut\x02fuÔ´\x8a¾\x02\x89];\x009Ùw!Æ')
[12/Feb/2024 17:51:14] You're accessing the development server over HTTPS, but it only supports HTTP.
[12/Feb/2024 17:51:14] code 400, message Bad request version ('îÚ\x8e\x10p©XpÙ')
[12/Feb/2024 17:51:14] You're accessing the development server over HTTPS, but it only supports HTTP.
[12/Feb/2024 17:51:14] "GET /view/ HTTP/1.1" 200 3801
[12/Feb/2024 17:51:14] "GET /static/view.css HTTP/1.1" 200 1240
[12/Feb/2024 17:51:15] "GET /static/font.css HTTP/1.1" 200 280
[12/Feb/2024 17:51:15] "GET /static/font/Lexend_Deca/LexendDeca-Regular.ttf HTTP/1.1" 200 71052
[12/Feb/2024 17:51:16] code 400, message Bad request version ('ÝÝ\x92¥o2\x14æV\x14LE¯Ôo1\x00')
[12/Feb/2024 17:51:16] You're accessing the development server over HTTPS, but it only supports HTTP.
[12/Feb/2024 17:51:16] "GET /static/site.ico HTTP/1.1" 200 258782
[12/Feb/2024 17:51:16] "GET /view/ HTTP/1.1" 200 3801
[12/Feb/2024 17:51:17] code 400, message Bad request syntax ('\x16\x03\x01\x02\x00\x01\x00\x01ü\x03\x03\x93zã)èÍh\x95íq\x16ÒôtGÜh*')
[12/Feb/2024 17:51:17] You're accessing the development server over HTTPS, but it only supports HTTP.
[12/Feb/2024 17:51:17] "GET /static/site.ico HTTP/1.1" 200 258782
[12/Feb/2024 17:51:19] "GET /view/ HTTP/1.1" 200 3801
[12/Feb/2024 17:51:22] "GET /view/ HTTP/1.1" 200 3801
[12/Feb/2024 17:53:36] "GET /view/ HTTP/1.1" 200 2164
[12/Feb/2024 17:55:08] "GET /admin/siteApp/siteinfo/ HTTP/1.1" 302 0
[12/Feb/2024 17:55:08] "GET /admin/login/?next=/admin/siteApp/siteinfo/ HTTP/1.1" 200 4219
[12/Feb/2024 17:55:09] "GET /static/admin/css/base.css HTTP/1.1" 200 21207
[12/Feb/2024 17:55:09] "GET /static/admin/css/dark_mode.css HTTP/1.1" 200 2929
[12/Feb/2024 17:55:09] "GET /static/admin/css/nav_sidebar.css HTTP/1.1" 200 2694
[12/Feb/2024 17:55:09] "GET /static/admin/css/login.css HTTP/1.1" 200 958
[12/Feb/2024 17:55:09] "GET /static/admin/js/theme.js HTTP/1.1" 200 1943
[12/Feb/2024 17:55:09] "GET /static/admin/css/responsive.css HTTP/1.1" 200 18533
[12/Feb/2024 17:55:09] "GET /static/admin/js/nav_sidebar.js HTTP/1.1" 200 3063
[12/Feb/2024 17:55:13] "POST /admin/login/?next=/admin/siteApp/siteinfo/ HTTP/1.1" 302 0
[12/Feb/2024 17:55:14] "GET /admin/siteApp/siteinfo/ HTTP/1.1" 200 52747
[12/Feb/2024 17:55:14] "GET /static/admin/css/changelists.css HTTP/1.1" 200 6566
[12/Feb/2024 17:55:14] "GET /static/admin/js/jquery.init.js HTTP/1.1" 200 347
[12/Feb/2024 17:55:14] "GET /static/admin/js/core.js HTTP/1.1" 200 5682
[12/Feb/2024 17:55:14] "GET /admin/jsi18n/ HTTP/1.1" 200 3343
[12/Feb/2024 17:55:15] "GET /static/admin/js/admin/RelatedObjectLookups.js HTTP/1.1" 200 8943
[12/Feb/2024 17:55:15] "GET /static/admin/js/actions.js HTTP/1.1" 200 7872
[12/Feb/2024 17:55:15] "GET /static/admin/js/urlify.js HTTP/1.1" 200 7887
[12/Feb/2024 17:55:15] "GET /static/admin/js/prepopulate.js HTTP/1.1" 200 1531
[12/Feb/2024 17:55:15] "GET /static/admin/img/search.svg HTTP/1.1" 200 458
[12/Feb/2024 17:55:15] "GET /static/admin/img/icon-unknown.svg HTTP/1.1" 200 655
[12/Feb/2024 17:55:16] "GET /static/admin/js/vendor/xregexp/xregexp.js HTTP/1.1" 200 232381
[12/Feb/2024 17:55:18] "GET /static/admin/js/filters.js HTTP/1.1" 200 978
[12/Feb/2024 17:55:18] "GET /static/admin/js/vendor/jquery/jquery.js HTTP/1.1" 200 292458
[12/Feb/2024 17:55:19] "GET /static/admin/img/icon-addlink.svg HTTP/1.1" 200 331
[12/Feb/2024 17:55:19] "GET /static/admin/img/tooltag-add.svg HTTP/1.1" 200 331
[12/Feb/2024 17:55:25] "GET /admin/auth/user/ HTTP/1.1" 200 11000
[12/Feb/2024 17:55:25] "GET /static/admin/img/icon-yes.svg HTTP/1.1" 200 436
[12/Feb/2024 17:55:25] "GET /admin/jsi18n/ HTTP/1.1" 200 3343
[12/Feb/2024 17:55:25] "GET /static/admin/img/sorting-icons.svg HTTP/1.1" 200 1097
[12/Feb/2024 17:55:27] "GET /admin/auth/user/1/change/ HTTP/1.1" 200 20961
[12/Feb/2024 17:55:28] "GET /static/admin/js/SelectBox.js HTTP/1.1" 200 4530
[12/Feb/2024 17:55:28] "GET /static/admin/js/calendar.js HTTP/1.1" 200 8466
[12/Feb/2024 17:55:28] "GET /static/admin/js/SelectFilter2.js HTTP/1.1" 200 15292
[12/Feb/2024 17:55:28] "GET /static/admin/css/forms.css HTTP/1.1" 200 9047
[12/Feb/2024 17:55:28] "GET /static/admin/js/admin/DateTimeShortcuts.js HTTP/1.1" 200 19319
[12/Feb/2024 17:55:28] "GET /admin/jsi18n/ HTTP/1.1" 200 3343
[12/Feb/2024 17:55:28] "GET /static/admin/js/prepopulate_init.js HTTP/1.1" 200 586
[12/Feb/2024 17:55:28] "GET /static/admin/css/widgets.css HTTP/1.1" 200 11900
[12/Feb/2024 17:55:29] "GET /static/admin/js/change_form.js HTTP/1.1" 200 606
[12/Feb/2024 17:55:29] "GET /static/admin/img/selector-icons.svg HTTP/1.1" 200 3291
[12/Feb/2024 17:55:29] "GET /static/admin/img/icon-clock.svg HTTP/1.1" 200 677
[12/Feb/2024 17:55:29] "GET /static/admin/img/icon-calendar.svg HTTP/1.1" 200 1086
[12/Feb/2024 17:55:29] "GET /static/admin/img/icon-unknown-alt.svg HTTP/1.1" 200 655
[12/Feb/2024 17:56:18] "POST /admin/auth/user/1/change/ HTTP/1.1" 302 0
[12/Feb/2024 17:56:19] "GET /admin/auth/user/ HTTP/1.1" 200 11211
[12/Feb/2024 17:56:19] "GET /admin/jsi18n/ HTTP/1.1" 200 3343
[12/Feb/2024 17:56:26] "POST /admin/logout/ HTTP/1.1" 200 3580
[12/Feb/2024 17:56:28] "GET /admin/ HTTP/1.1" 302 0
[12/Feb/2024 17:56:29] "GET /admin/login/?next=/admin/ HTTP/1.1" 200 4185
[12/Feb/2024 17:56:39] "POST /admin/login/?next=/admin/ HTTP/1.1" 302 0
[12/Feb/2024 17:56:40] "GET /admin/ HTTP/1.1" 200 8907
[12/Feb/2024 17:56:40] "GET /static/admin/css/dashboard.css HTTP/1.1" 200 441
[12/Feb/2024 17:56:41] "GET /static/admin/img/icon-changelink.svg HTTP/1.1" 200 380
[12/Feb/2024 17:56:41] "GET /static/admin/img/icon-deletelink.svg HTTP/1.1" 200 392
[12/Feb/2024 17:56:52] "GET /admin/siteApp/siteinfo/ HTTP/1.1" 200 52677
[12/Feb/2024 17:56:52] "GET /admin/jsi18n/ HTTP/1.1" 200 3343
[12/Feb/2024 17:58:21] "GET /admin/siteApp/siteinfo/ HTTP/1.1" 200 52762
[12/Feb/2024 17:58:21] "GET /admin/jsi18n/ HTTP/1.1" 200 3343
[12/Feb/2024 17:58:41] "GET /admin/siteApp/siteinfo/ HTTP/1.1" 200 52729
[12/Feb/2024 17:58:42] "GET /admin/jsi18n/ HTTP/1.1" 200 3343
[12/Feb/2024 17:58:47] "GET /admin/siteApp/siteinfo/ HTTP/1.1" 200 52711
[12/Feb/2024 17:58:47] "GET /admin/jsi18n/ HTTP/1.1" 200 3343
[12/Feb/2024 18:00:54] "GET /view/ HTTP/1.1" 200 2161
[12/Feb/2024 18:02:12] "GET /admin/siteApp/siteinfo/ HTTP/1.1" 200 52492
[12/Feb/2024 18:02:12] "GET /admin/jsi18n/ HTTP/1.1" 200 3343
[12/Feb/2024 18:02:27] "GET /admin/auth/group/ HTTP/1.1" 200 7802
[12/Feb/2024 18:02:27] "GET /admin/jsi18n/ HTTP/1.1" 200 3343
[12/Feb/2024 18:02:30] "GET /admin/auth/group/add/ HTTP/1.1" 200 11597
[12/Feb/2024 18:02:30] "GET /admin/jsi18n/ HTTP/1.1" 200 3343
[12/Feb/2024 18:03:19] "POST /admin/auth/group/add/ HTTP/1.1" 302 0
[12/Feb/2024 18:03:20] "GET /admin/auth/group/ HTTP/1.1" 200 9135
[12/Feb/2024 18:03:20] "GET /admin/jsi18n/ HTTP/1.1" 200 3343
[12/Feb/2024 18:03:43] "GET /view/ HTTP/1.1" 200 2164
[12/Feb/2024 18:03:43] "GET /static/view.css HTTP/1.1" 304 0
[12/Feb/2024 18:03:44] "GET /static/font.css HTTP/1.1" 304 0
[12/Feb/2024 18:03:44] "GET /static/font/Lexend_Deca/LexendDeca-Regular.ttf HTTP/1.1" 304 0
[12/Feb/2024 18:03:45] "GET /static/site.ico HTTP/1.1" 304 0
[12/Feb/2024 18:03:52] "GET /download_data/?project_name=SiteIndexing&data_type=not_specified HTTP/1.1" 200 41954
[12/Feb/2024 18:05:36] "GET /view/ HTTP/1.1" 200 2164
[12/Feb/2024 18:05:43] "GET / HTTP/1.1" 200 1295
[12/Feb/2024 18:05:43] "GET /static/upload.css HTTP/1.1" 200 4462
[12/Feb/2024 18:11:07] "POST /admin/logout/ HTTP/1.1" 200 3580
[12/Feb/2024 18:11:08] "GET /admin/ HTTP/1.1" 302 0
[12/Feb/2024 18:11:09] "GET /admin/login/?next=/admin/ HTTP/1.1" 200 4185
[12/Feb/2024 18:11:28] "POST /admin/login/?next=/admin/ HTTP/1.1" 302 0
[12/Feb/2024 18:11:28] "GET /admin/ HTTP/1.1" 200 4541
Internal Server Error: /
Traceback (most recent call last):
  File "/home/webapp/myenv/lib/python3.8/site-packages/django/db/backends/utils.py", line 89, in _execute
    return self.cursor.execute(sql, params)
psycopg2.errors.UntranslatableCharacter: character with byte sequence 0xef 0xbb 0xbf in encoding "UTF8" has no equivalent in encoding "LATIN1"


The above exception was the direct cause of the following exception:

Traceback (most recent call last):
  File "/home/webapp/myenv/lib/python3.8/site-packages/django/core/handlers/exception.py", line 55, in inner
    response = get_response(request)
  File "/home/webapp/myenv/lib/python3.8/site-packages/django/core/handlers/base.py", line 197, in _get_response
    response = wrapped_callback(request, *callback_args, **callback_kwargs)
  File "/home/webapp/SiteIndex/siteApp/views.py", line 55, in upload_file
    existing_record = SiteInfo.objects.filter(url=url, project=project).first()
  File "/home/webapp/myenv/lib/python3.8/site-packages/django/db/models/query.py", line 1057, in first
    for obj in queryset[:1]:
  File "/home/webapp/myenv/lib/python3.8/site-packages/django/db/models/query.py", line 398, in __iter__
    self._fetch_all()
  File "/home/webapp/myenv/lib/python3.8/site-packages/django/db/models/query.py", line 1881, in _fetch_all
    self._result_cache = list(self._iterable_class(self))
  File "/home/webapp/myenv/lib/python3.8/site-packages/django/db/models/query.py", line 91, in __iter__
    results = compiler.execute_sql(
  File "/home/webapp/myenv/lib/python3.8/site-packages/django/db/models/sql/compiler.py", line 1562, in execute_sql
    cursor.execute(sql, params)
  File "/home/webapp/myenv/lib/python3.8/site-packages/django/db/backends/utils.py", line 102, in execute
    return super().execute(sql, params)
  File "/home/webapp/myenv/lib/python3.8/site-packages/django/db/backends/utils.py", line 67, in execute
    return self._execute_with_wrappers(
  File "/home/webapp/myenv/lib/python3.8/site-packages/django/db/backends/utils.py", line 80, in _execute_with_wrappers
    return executor(sql, params, many, context)
  File "/home/webapp/myenv/lib/python3.8/site-packages/django/db/backends/utils.py", line 89, in _execute
    return self.cursor.execute(sql, params)
  File "/home/webapp/myenv/lib/python3.8/site-packages/django/db/utils.py", line 91, in __exit__
    raise dj_exc_value.with_traceback(traceback) from exc_value
  File "/home/webapp/myenv/lib/python3.8/site-packages/django/db/backends/utils.py", line 89, in _execute
    return self.cursor.execute(sql, params)
django.db.utils.DataError: character with byte sequence 0xef 0xbb 0xbf in encoding "UTF8" has no equivalent in encoding "LATIN1"

[12/Feb/2024 18:12:31] "POST / HTTP/1.1" 500 120006
[12/Feb/2024 18:12:35] "POST /admin/logout/ HTTP/1.1" 200 3580
[12/Feb/2024 18:12:36] "GET /admin/ HTTP/1.1" 302 0
[12/Feb/2024 18:12:37] "GET /admin/login/?next=/admin/ HTTP/1.1" 200 4185
[12/Feb/2024 18:12:41] "POST /admin/login/?next=/admin/ HTTP/1.1" 302 0
[12/Feb/2024 18:12:42] "GET /admin/ HTTP/1.1" 200 8926
[12/Feb/2024 18:12:44] "GET /admin/auth/group/ HTTP/1.1" 200 8942
[12/Feb/2024 18:12:44] "GET /admin/jsi18n/ HTTP/1.1" 200 3343
[12/Feb/2024 18:13:23] "POST /admin/logout/ HTTP/1.1" 200 3580
[12/Feb/2024 18:13:40] "GET /admin/ HTTP/1.1" 302 0
[12/Feb/2024 18:13:40] "GET /admin/login/?next=/admin/ HTTP/1.1" 200 4185
[12/Feb/2024 18:13:44] "POST /admin/login/?next=/admin/ HTTP/1.1" 302 0
[12/Feb/2024 18:13:44] "GET /admin/ HTTP/1.1" 200 5081
[12/Feb/2024 18:13:45] "GET /static/admin/img/icon-viewlink.svg HTTP/1.1" 200 581
[12/Feb/2024 18:13:46] "GET /admin/siteApp/siteinfo/ HTTP/1.1" 200 39182
[12/Feb/2024 18:13:58] "GET /admin/siteApp/siteinfo/?project__name=My+COuntry+Mobile+Blog HTTP/1.1" 200 8003
[12/Feb/2024 18:14:03] "GET /view/ HTTP/1.1" 200 3039
[12/Feb/2024 18:14:03] "GET /static/view.css HTTP/1.1" 304 0
[12/Feb/2024 18:14:03] "GET /static/font.css HTTP/1.1" 304 0
[12/Feb/2024 18:14:04] "GET /static/font/Lexend_Deca/LexendDeca-Regular.ttf HTTP/1.1" 304 0
[12/Feb/2024 18:14:08] "GET /view/ HTTP/1.1" 200 3039
[12/Feb/2024 18:17:35] code 400, message Bad request version ('¦\x9f\x18')
[12/Feb/2024 18:17:35] You're accessing the development server over HTTPS, but it only supports HTTP.
[12/Feb/2024 18:17:35] code 400, message Bad request version ('§=\x8e«¶')
[12/Feb/2024 18:17:35] You're accessing the development server over HTTPS, but it only supports HTTP.
[12/Feb/2024 18:17:35] code 400, message Bad request version ('\x00\x12\x00\x10\x04\x03\x08\x04\x04\x01\x05\x03\x08\x05\x05\x01\x08\x06\x06\x01\x00\x12\x00\x00\x00')
[12/Feb/2024 18:17:35] You're accessing the development server over HTTPS, but it only supports HTTP.
[12/Feb/2024 18:17:35] code 400, message Bad request version ('zz\x13\x01\x13\x02\x13\x03À+À/À,À0Ì©Ì¨À\x13À\x14\x00\x9c\x00\x9d\x00/\x005\x01\x00\x01\xadzz\x00\x00Di\x00\x05\x00\x03\x02h2\x00')
[12/Feb/2024 18:17:35] You're accessing the development server over HTTPS, but it only supports HTTP.
[12/Feb/2024 18:17:35] code 400, message Bad request version ('\x07\x00')
[12/Feb/2024 18:17:35] You're accessing the development server over HTTPS, but it only supports HTTP.
[12/Feb/2024 18:17:35] code 400, message Bad request version ('è')
[12/Feb/2024 18:17:35] You're accessing the development server over HTTPS, but it only supports HTTP.
[12/Feb/2024 18:17:39] "GET / HTTP/1.1" 200 1295
[12/Feb/2024 18:17:40] "GET /static/upload.css HTTP/1.1" 200 4462
[12/Feb/2024 18:17:41] "GET /static/siteimage.jpg HTTP/1.1" 200 688553
[12/Feb/2024 18:17:57] "GET /admin/siteApp/siteinfo/?project__name=My+COuntry+Mobile+Blog HTTP/1.1" 200 9731
[12/Feb/2024 18:18:20] "GET /admin/siteApp/siteinfo/?project__name=My+COuntry+Mobile+Blog HTTP/1.1" 200 13072
[12/Feb/2024 18:18:36] "GET /admin/siteApp/siteinfo/?project__name=My+COuntry+Mobile+Blog HTTP/1.1" 200 14940
[12/Feb/2024 18:19:02] "GET /admin/siteApp/siteinfo/?project__name=My+COuntry+Mobile+Blog HTTP/1.1" 200 18721
[12/Feb/2024 18:19:30] "GET /view HTTP/1.1" 301 0
[12/Feb/2024 18:19:30] "GET /view/ HTTP/1.1" 200 3061
[12/Feb/2024 18:19:33] "GET /view/ HTTP/1.1" 200 3061
[12/Feb/2024 18:19:35] "GET /view/ HTTP/1.1" 200 3061
Internal Server Error: /
Traceback (most recent call last):
  File "/home/webapp/myenv/lib/python3.8/site-packages/django/db/backends/utils.py", line 89, in _execute
    return self.cursor.execute(sql, params)
psycopg2.errors.UntranslatableCharacter: character with byte sequence 0xef 0xbb 0xbf in encoding "UTF8" has no equivalent in encoding "LATIN1"


The above exception was the direct cause of the following exception:

Traceback (most recent call last):
  File "/home/webapp/myenv/lib/python3.8/site-packages/django/core/handlers/exception.py", line 55, in inner
    response = get_response(request)
  File "/home/webapp/myenv/lib/python3.8/site-packages/django/core/handlers/base.py", line 197, in _get_response
    response = wrapped_callback(request, *callback_args, **callback_kwargs)
  File "/home/webapp/SiteIndex/siteApp/views.py", line 55, in upload_file
    existing_record = SiteInfo.objects.filter(url=url, project=project).first()
  File "/home/webapp/myenv/lib/python3.8/site-packages/django/db/models/query.py", line 1057, in first
    for obj in queryset[:1]:
  File "/home/webapp/myenv/lib/python3.8/site-packages/django/db/models/query.py", line 398, in __iter__
    self._fetch_all()
  File "/home/webapp/myenv/lib/python3.8/site-packages/django/db/models/query.py", line 1881, in _fetch_all
    self._result_cache = list(self._iterable_class(self))
  File "/home/webapp/myenv/lib/python3.8/site-packages/django/db/models/query.py", line 91, in __iter__
    results = compiler.execute_sql(
  File "/home/webapp/myenv/lib/python3.8/site-packages/django/db/models/sql/compiler.py", line 1562, in execute_sql
    cursor.execute(sql, params)
  File "/home/webapp/myenv/lib/python3.8/site-packages/django/db/backends/utils.py", line 102, in execute
    return super().execute(sql, params)
  File "/home/webapp/myenv/lib/python3.8/site-packages/django/db/backends/utils.py", line 67, in execute
    return self._execute_with_wrappers(
  File "/home/webapp/myenv/lib/python3.8/site-packages/django/db/backends/utils.py", line 80, in _execute_with_wrappers
    return executor(sql, params, many, context)
  File "/home/webapp/myenv/lib/python3.8/site-packages/django/db/backends/utils.py", line 89, in _execute
    return self.cursor.execute(sql, params)
  File "/home/webapp/myenv/lib/python3.8/site-packages/django/db/utils.py", line 91, in __exit__
    raise dj_exc_value.with_traceback(traceback) from exc_value
  File "/home/webapp/myenv/lib/python3.8/site-packages/django/db/backends/utils.py", line 89, in _execute
    return self.cursor.execute(sql, params)
django.db.utils.DataError: character with byte sequence 0xef 0xbb 0xbf in encoding "UTF8" has no equivalent in encoding "LATIN1"

[12/Feb/2024 18:19:36] "POST / HTTP/1.1" 500 120007
[12/Feb/2024 18:19:37] "GET /view/ HTTP/1.1" 200 3061
[12/Feb/2024 18:19:40] "GET /view/ HTTP/1.1" 200 3061
[12/Feb/2024 18:21:28] "GET /view/ HTTP/1.1" 200 3061
[12/Feb/2024 18:23:01] "GET /view/ HTTP/1.1" 200 3062
[12/Feb/2024 18:23:03] "GET /view/ HTTP/1.1" 200 3062
[12/Feb/2024 18:23:22] code 400, message Bad request version ('\x02h2\x08http/1.1\x00')
[12/Feb/2024 18:23:22] You're accessing the development server over HTTPS, but it only supports HTTP.
[12/Feb/2024 18:23:22] code 400, message Bad request version ('ªª\x13\x01\x13\x02\x13\x03À+À/À,À0Ì©Ì¨À\x13À\x14\x00\x9c\x00\x9d\x00/\x005\x01\x00\x01\x93ªª\x00\x00\x00\x05\x00\x05\x01\x00\x00\x00\x00\x003\x00+\x00)')
[12/Feb/2024 18:23:22] You're accessing the development server over HTTPS, but it only supports HTTP.
[12/Feb/2024 18:23:23] code 400, message Bad request version ('\x05\x01t÷\x13¹}\x9a\x91\x19\x8eª\x82þ')
[12/Feb/2024 18:23:23] You're accessing the development server over HTTPS, but it only supports HTTP.
[12/Feb/2024 18:23:23] code 400, message Bad request version ('\x02h2\x08http/1.1\x00\x12\x00\x00\x00')
[12/Feb/2024 18:23:23] You're accessing the development server over HTTPS, but it only supports HTTP.
[12/Feb/2024 18:23:23] "GET /view/ HTTP/1.1" 200 3062
[12/Feb/2024 18:23:23] "GET /static/view.css HTTP/1.1" 200 1412
[12/Feb/2024 18:23:24] "GET /static/font.css HTTP/1.1" 200 280
[12/Feb/2024 18:23:24] "GET /static/font/Lexend_Deca/LexendDeca-Regular.ttf HTTP/1.1" 200 71052
[12/Feb/2024 18:23:25] code 400, message Bad request version ('\x8b\x1bÔüÖª')
[12/Feb/2024 18:23:25] You're accessing the development server over HTTPS, but it only supports HTTP.
[12/Feb/2024 18:23:25] "GET /static/site.ico HTTP/1.1" 200 258782
[12/Feb/2024 18:23:26] code 400, message Bad request syntax ('\x16\x03\x01\x02:\x01\x00\x026\x03\x03\x18Lt}\x0f\x96¯«hÅî¸ì')
[12/Feb/2024 18:23:26] You're accessing the development server over HTTPS, but it only supports HTTP.
[12/Feb/2024 18:23:32] "GET /view/ HTTP/1.1" 200 3062
[12/Feb/2024 18:23:32] code 400, message Bad request syntax ('\x16\x03\x01\x02:\x01\x00\x026\x03\x03\x1b$öKÝÂ|\x17:¹¯t\x8c««¹\x95\x92ñRÍ\x8a')
[12/Feb/2024 18:23:32] You're accessing the development server over HTTPS, but it only supports HTTP.
[12/Feb/2024 18:23:32] "GET /static/view.css HTTP/1.1" 304 0
[12/Feb/2024 18:23:32] code 400, message Bad request version ("a79û'\x0fÀ\x87Äé½\x98äµs\x00°\x84ò;ÆÎ#\x9e-w;º²R\x1aSîF¼\x8dS\x14G/¾R~¯EHÅ\x82ÌÕC\x9e\x16\x83~\x94èÅÚ2\x83(")
[12/Feb/2024 18:23:32] You're accessing the development server over HTTPS, but it only supports HTTP.
[12/Feb/2024 18:23:35] "GET /view/ HTTP/1.1" 200 3062
[12/Feb/2024 18:23:36] "GET /static/view.css HTTP/1.1" 304 0
[12/Feb/2024 18:23:38] "GET /view/ HTTP/1.1" 200 3062
[12/Feb/2024 18:24:46] "GET /view/ HTTP/1.1" 200 3086
[12/Feb/2024 18:24:46] "GET /static/view.css HTTP/1.1" 304 0
[12/Feb/2024 18:25:20] "GET /view/ HTTP/1.1" 200 3086
[12/Feb/2024 18:25:21] "GET /static/view.css HTTP/1.1" 304 0
[12/Feb/2024 18:25:25] "GET /view/ HTTP/1.1" 200 3086
[12/Feb/2024 18:25:30] "GET /view/ HTTP/1.1" 200 3086
[12/Feb/2024 18:25:34] "GET /view/ HTTP/1.1" 200 3086
[12/Feb/2024 18:25:42] "GET /admin/siteApp/siteinfo/?project__name=My+COuntry+Mobile+Blog HTTP/1.1" 302 0
[12/Feb/2024 18:25:42] "GET /admin/login/?next=/admin/siteApp/siteinfo/%3Fproject__name%3DMy%2BCOuntry%2BMobile%2BBlog HTTP/1.1" 200 4303
[12/Feb/2024 18:25:42] "GET /static/admin/css/base.css HTTP/1.1" 200 21207
[12/Feb/2024 18:25:43] "GET /static/admin/css/dark_mode.css HTTP/1.1" 200 2929
[12/Feb/2024 18:25:43] "GET /static/admin/css/nav_sidebar.css HTTP/1.1" 200 2694
[12/Feb/2024 18:25:43] "GET /static/admin/css/login.css HTTP/1.1" 200 958
[12/Feb/2024 18:25:43] "GET /static/admin/css/responsive.css HTTP/1.1" 200 18533
[12/Feb/2024 18:25:43] "GET /static/admin/js/theme.js HTTP/1.1" 200 1943
[12/Feb/2024 18:25:43] "GET /static/admin/js/nav_sidebar.js HTTP/1.1" 200 3063
[12/Feb/2024 18:25:48] "POST /admin/login/?next=/admin/siteApp/siteinfo/%3Fproject__name%3DMy%2BCOuntry%2BMobile%2BBlog HTTP/1.1" 302 0
[12/Feb/2024 18:25:48] "GET /admin/siteApp/siteinfo/?project__name=My+COuntry+Mobile+Blog HTTP/1.1" 200 59761
[12/Feb/2024 18:25:49] "GET /static/admin/css/changelists.css HTTP/1.1" 200 6566
[12/Feb/2024 18:25:49] "GET /static/admin/js/jquery.init.js HTTP/1.1" 200 347
[12/Feb/2024 18:25:49] "GET /static/admin/js/core.js HTTP/1.1" 200 5682
[12/Feb/2024 18:25:49] "GET /admin/jsi18n/ HTTP/1.1" 200 3343
[12/Feb/2024 18:25:49] "GET /static/admin/js/admin/RelatedObjectLookups.js HTTP/1.1" 200 8943
[12/Feb/2024 18:25:49] "GET /static/admin/js/actions.js HTTP/1.1" 200 7872
[12/Feb/2024 18:25:49] "GET /static/admin/js/urlify.js HTTP/1.1" 200 7887
[12/Feb/2024 18:25:49] "GET /static/admin/js/vendor/jquery/jquery.js HTTP/1.1" 200 292458
[12/Feb/2024 18:25:49] "GET /static/admin/js/prepopulate.js HTTP/1.1" 200 1531
[12/Feb/2024 18:25:50] "GET /static/admin/img/search.svg HTTP/1.1" 200 458
[12/Feb/2024 18:25:50] "GET /static/admin/img/icon-yes.svg HTTP/1.1" 200 436
[12/Feb/2024 18:25:50] "GET /static/admin/js/vendor/xregexp/xregexp.js HTTP/1.1" 200 232381
[12/Feb/2024 18:25:50] "GET /static/admin/js/filters.js HTTP/1.1" 200 978
[12/Feb/2024 18:25:50] "GET /static/admin/img/icon-addlink.svg HTTP/1.1" 200 331
[12/Feb/2024 18:25:50] "GET /static/admin/img/tooltag-add.svg HTTP/1.1" 200 331
[12/Feb/2024 18:27:25] "GET /view/ HTTP/1.1" 200 3086
[12/Feb/2024 18:27:25] "GET /static/view.css HTTP/1.1" 304 0
[12/Feb/2024 18:27:48] code 400, message Bad request version ("\x8d\x01Û\x17\x04ÖEß°3\x9eÿsÐüÚ\x02\x18¬o\x04ØãíU*\x0fàÆ1n\x00(\x13\x02\x13\x01À,À+À0À/À$À#À(À'À")
[12/Feb/2024 18:27:48] You're accessing the development server over HTTPS, but it only supports HTTP.
[12/Feb/2024 18:27:48] code 400, message Bad request version ("j¯(º½ø¸¢m¯j\x02z\x00\x00$À,À+À0À/À$À#À(À'À")
[12/Feb/2024 18:27:48] You're accessing the development server over HTTPS, but it only supports HTTP.
[12/Feb/2024 18:27:48] code 400, message Bad request syntax ("\x16\x03\x03\x00§\x01\x00\x00£\x03\x03eÊ\x15Ìó\x0e^ÚÎ¿\x89;u\xadôdyÐü'^¼»T¢³ôp@_\x16V\x00\x00$À,À+À0À/À$À#À(À'À")
[12/Feb/2024 18:27:48] You're accessing the development server over HTTPS, but it only supports HTTP.
[12/Feb/2024 18:27:48] code 400, message Bad request version ('\x00\x1a\x00\x18\x08\x04\x08\x05\x08\x06\x04\x01\x05\x01\x02\x01\x04\x03\x05\x03\x02\x03\x02\x02\x06\x01\x06\x03\x00#\x00\x00\x00')
[12/Feb/2024 18:27:48] You're accessing the development server over HTTPS, but it only supports HTTP.
[12/Feb/2024 18:27:55] code 400, message Bad request version ("?ù¹f\x8dýã÷9\x80h2³½Ê²\x00,\x13\x02\x13\x01À,À+À0À/\x00\x9f\x00\x9eÀ$À#À(À'À")
[12/Feb/2024 18:27:55] You're accessing the development server over HTTPS, but it only supports HTTP.
[12/Feb/2024 18:29:14] "GET /view/ HTTP/1.1" 200 3086
[12/Feb/2024 18:29:15] "GET /static/view.css HTTP/1.1" 304 0
[12/Feb/2024 18:32:03] "GET /view/ HTTP/1.1" 200 3086
[12/Feb/2024 18:32:04] "GET /static/view.css HTTP/1.1" 304 0
[12/Feb/2024 18:32:50] "GET /view/ HTTP/1.1" 200 3086
[12/Feb/2024 18:32:53] "GET /view/ HTTP/1.1" 200 3086
[12/Feb/2024 18:32:57] "GET /view/ HTTP/1.1" 200 3086
[12/Feb/2024 18:33:03] "GET /view/ HTTP/1.1" 200 3086
[12/Feb/2024 18:33:03] "GET /static/view.css HTTP/1.1" 200 1463
[12/Feb/2024 18:33:26] "GET /view/ HTTP/1.1" 200 3086
[12/Feb/2024 18:33:26] "GET /static/view.css HTTP/1.1" 304 0
[12/Feb/2024 18:33:30] "GET /view/ HTTP/1.1" 200 3086
[12/Feb/2024 18:33:30] "GET /static/view.css HTTP/1.1" 200 1465
[12/Feb/2024 18:36:57] "GET /view/ HTTP/1.1" 200 3086
[12/Feb/2024 18:36:57] "GET /static/view.css HTTP/1.1" 200 1512
[12/Feb/2024 18:36:59] "GET /static/siteimage.jpg HTTP/1.1" 200 688553
[12/Feb/2024 18:37:07] "GET /view/ HTTP/1.1" 200 3086
[12/Feb/2024 18:37:07] "GET /static/view.css HTTP/1.1" 304 0
[12/Feb/2024 18:37:12] "GET /view/ HTTP/1.1" 200 3086
[12/Feb/2024 18:37:12] "GET /static/view.css HTTP/1.1" 200 1471
[12/Feb/2024 18:37:33] "GET /view/ HTTP/1.1" 200 3086
[12/Feb/2024 18:37:33] "GET /static/view.css HTTP/1.1" 304 0
/home/webapp/SiteIndex/siteApp/admin.py changed, reloading.
Performing system checks...

System check identified no issues (0 silenced).
February 12, 2024 - 17:25:48
Django version 4.2.6, using settings 'SiteIndex.settings'
Starting development server at http://70.36.107.109:6363/
Quit the server with CONTROL-C.

Watching for file changes with StatReloader
[12/Feb/2024 18:39:05] "GET /admin/siteApp/siteinfo/?project__name=My+COuntry+Mobile+Blog HTTP/1.1" 200 47273
[12/Feb/2024 18:39:13] "GET /admin/siteApp/siteinfo/?project__name=My+COuntry+Mobile+Blog HTTP/1.1" 200 47273
[12/Feb/2024 18:39:32] "GET /admin/siteApp/siteinfo/?project__name=My+COuntry+Mobile+Blog HTTP/1.1" 200 47273
[12/Feb/2024 18:39:34] "GET /admin/siteApp/siteinfo/?project__name=My+COuntry+Mobile+Blog HTTP/1.1" 200 47273
[12/Feb/2024 18:39:43] "GET /view/ HTTP/1.1" 200 3086
[12/Feb/2024 18:39:43] "GET /static/view.css HTTP/1.1" 304 0
[12/Feb/2024 18:39:46] "GET /view/ HTTP/1.1" 200 3086
[12/Feb/2024 18:39:49] "GET /view/ HTTP/1.1" 200 3086
[12/Feb/2024 18:39:51] "GET /view/ HTTP/1.1" 200 3086
[12/Feb/2024 18:39:54] "GET /view/ HTTP/1.1" 200 3086
[12/Feb/2024 18:39:57] "GET /view/ HTTP/1.1" 200 3086
[12/Feb/2024 18:40:02] "GET /view/ HTTP/1.1" 200 3086
[12/Feb/2024 18:40:03] "GET /static/view.css HTTP/1.1" 304 0
[12/Feb/2024 18:40:11] code 400, message Bad request version ('\x02h2\x08http/1.1\x00')
[12/Feb/2024 18:40:11] You're accessing the development server over HTTPS, but it only supports HTTP.
[12/Feb/2024 18:40:11] code 400, message Bad request version ('\x00#\x00\x00\x00-\x00\x02\x01\x01Di\x00\x05\x00\x03\x02h2\x00')
[12/Feb/2024 18:40:11] You're accessing the development server over HTTPS, but it only supports HTTP.
[12/Feb/2024 18:40:11] code 400, message Bad request version ('!m@Õ\x82V°:7¤r¯\x00')
[12/Feb/2024 18:40:11] You're accessing the development server over HTTPS, but it only supports HTTP.
[12/Feb/2024 18:40:11] code 400, message Bad request version ('F¯ÿ')
[12/Feb/2024 18:40:11] You're accessing the development server over HTTPS, but it only supports HTTP.
[12/Feb/2024 18:40:12] code 400, message Bad request version ('$QÄ\x82¶')
[12/Feb/2024 18:40:12] You're accessing the development server over HTTPS, but it only supports HTTP.
[12/Feb/2024 18:40:12] code 400, message Bad request syntax ('\x16\x03\x01\x02:\x01\x00\x026\x03\x03Æ¢\x99{-\x16\x96\x12D')
[12/Feb/2024 18:40:12] You're accessing the development server over HTTPS, but it only supports HTTP.
[12/Feb/2024 18:40:16] "GET / HTTP/1.1" 200 1295
[12/Feb/2024 18:40:16] "GET /static/upload.css HTTP/1.1" 200 4462
[12/Feb/2024 18:40:36] "GET /view/ HTTP/1.1" 200 3086
[12/Feb/2024 18:40:37] "GET /static/view.css HTTP/1.1" 304 0
[12/Feb/2024 18:40:39] "GET /view/ HTTP/1.1" 200 3086
[12/Feb/2024 18:40:50] "GET / HTTP/1.1" 200 1295
[12/Feb/2024 18:41:08] "GET /view/ HTTP/1.1" 200 3086
[12/Feb/2024 18:41:09] "GET /static/view.css HTTP/1.1" 304 0
[12/Feb/2024 18:41:45] "GET /view/ HTTP/1.1" 200 3086
[12/Feb/2024 18:41:45] "GET /static/view.css HTTP/1.1" 304 0
[12/Feb/2024 18:41:50] "GET /view/ HTTP/1.1" 200 3086
[12/Feb/2024 18:44:34] "GET /view/ HTTP/1.1" 200 3086
[12/Feb/2024 18:44:34] "GET /static/view.css HTTP/1.1" 304 0
[12/Feb/2024 18:44:36] "GET /view/ HTTP/1.1" 200 3086
[12/Feb/2024 18:44:54] "GET /view/ HTTP/1.1" 200 3086
[12/Feb/2024 18:47:06] "POST / HTTP/1.1" 302 0
[12/Feb/2024 18:50:28] "GET /view/ HTTP/1.1" 200 3086
[12/Feb/2024 18:50:29] "GET /static/view.css HTTP/1.1" 304 0
[12/Feb/2024 18:50:29] "GET /static/font.css HTTP/1.1" 304 0
[12/Feb/2024 18:50:30] "GET /static/font/Lexend_Deca/LexendDeca-Regular.ttf HTTP/1.1" 304 0
[12/Feb/2024 18:50:32] "GET /view/ HTTP/1.1" 200 3086
[12/Feb/2024 18:50:49] "GET /view/ HTTP/1.1" 200 3086
[12/Feb/2024 18:56:40] "GET /view/ HTTP/1.1" 200 3086
[12/Feb/2024 18:56:40] "GET /static/view.css HTTP/1.1" 304 0
[12/Feb/2024 18:57:16] "GET /view/ HTTP/1.1" 200 3086
[12/Feb/2024 18:57:21] "GET /view/ HTTP/1.1" 200 3086
[12/Feb/2024 19:02:11] "GET /view/ HTTP/1.1" 200 3086
[12/Feb/2024 19:02:11] "GET /static/view.css HTTP/1.1" 304 0
[12/Feb/2024 19:02:12] "GET /static/site.ico HTTP/1.1" 304 0
[12/Feb/2024 19:02:16] "GET /view/ HTTP/1.1" 200 3086
[12/Feb/2024 19:02:18] "GET /view/ HTTP/1.1" 200 3086
[12/Feb/2024 19:02:29] "GET /view/ HTTP/1.1" 200 3086
[12/Feb/2024 19:03:06] "GET /view/ HTTP/1.1" 200 3086
[12/Feb/2024 19:05:14] "GET /view/ HTTP/1.1" 200 3086
[12/Feb/2024 19:05:15] "GET /static/view.css HTTP/1.1" 304 0
[12/Feb/2024 19:08:07] "GET /view/ HTTP/1.1" 200 3086
[12/Feb/2024 19:08:07] "GET /static/view.css HTTP/1.1" 304 0
[12/Feb/2024 19:08:12] "GET /view/ HTTP/1.1" 200 3086
[12/Feb/2024 19:08:27] "GET /admin/ HTTP/1.1" 302 0
[12/Feb/2024 19:08:27] "GET /admin/login/?next=/admin/ HTTP/1.1" 200 4185
[12/Feb/2024 19:08:32] "POST /admin/login/?next=/admin/ HTTP/1.1" 302 0
[12/Feb/2024 19:08:32] "GET /admin/ HTTP/1.1" 200 8926
[12/Feb/2024 19:08:33] "GET /static/admin/css/dashboard.css HTTP/1.1" 200 441
[12/Feb/2024 19:08:33] "GET /static/admin/img/icon-changelink.svg HTTP/1.1" 200 380
[12/Feb/2024 19:08:33] "GET /static/admin/img/icon-deletelink.svg HTTP/1.1" 200 392
[12/Feb/2024 19:08:35] "GET /admin/siteApp/siteinfo/ HTTP/1.1" 200 40311
[12/Feb/2024 19:08:36] "GET /static/admin/img/icon-unknown.svg HTTP/1.1" 200 655
[12/Feb/2024 19:08:48] "GET /admin/siteApp/siteinfo/? HTTP/1.1" 200 40311
[12/Feb/2024 19:11:42] "GET /admin/siteApp/siteinfo/? HTTP/1.1" 200 40311
[12/Feb/2024 19:11:45] "GET /admin/siteApp/siteinfo/? HTTP/1.1" 200 40311
[12/Feb/2024 19:11:56] "GET /admin/siteApp/siteinfo/? HTTP/1.1" 200 40311
[12/Feb/2024 19:12:15] "GET /admin/siteApp/siteinfo/?project__name=My+COuntry+Mobile+Blog HTTP/1.1" 200 47425
[12/Feb/2024 19:12:20] "GET /admin/siteApp/siteinfo/ HTTP/1.1" 200 40311
[12/Feb/2024 19:12:30] "GET /admin/siteApp/siteinfo/ HTTP/1.1" 200 40311
[12/Feb/2024 19:12:40] "GET /admin/siteApp/siteinfo/ HTTP/1.1" 200 40311
[12/Feb/2024 19:13:49] "GET /admin/siteApp/siteinfo/ HTTP/1.1" 200 40311
[12/Feb/2024 19:14:19] "GET /admin/siteApp/siteinfo/ HTTP/1.1" 200 40311
[12/Feb/2024 19:14:27] "GET /admin/siteApp/siteinfo/ HTTP/1.1" 200 40311
[12/Feb/2024 19:14:53] "GET /admin/siteApp/siteinfo/? HTTP/1.1" 200 40311
[12/Feb/2024 19:15:02] "GET / HTTP/1.1" 200 1295
[12/Feb/2024 19:15:02] "GET /static/upload.css HTTP/1.1" 304 0
[12/Feb/2024 19:15:08] "GET /admin/siteApp/siteinfo/? HTTP/1.1" 200 40311
[12/Feb/2024 19:15:17] "GET /admin/siteApp/siteinfo/? HTTP/1.1" 200 40311
[12/Feb/2024 19:15:38] "GET /admin/siteApp/siteinfo/? HTTP/1.1" 200 40311
[12/Feb/2024 19:15:51] "GET /admin/siteApp/siteinfo/ HTTP/1.1" 200 40311
[12/Feb/2024 19:16:04] "GET /admin/siteApp/siteinfo/?project__name=SiteIndexing HTTP/1.1" 200 45914
[12/Feb/2024 19:16:15] "GET /view HTTP/1.1" 301 0
[12/Feb/2024 19:16:16] "GET /view/ HTTP/1.1" 200 3086
[12/Feb/2024 19:16:16] "GET /static/view.css HTTP/1.1" 304 0
[12/Feb/2024 19:16:17] "GET /static/font.css HTTP/1.1" 304 0
[12/Feb/2024 19:17:00] "GET /view/ HTTP/1.1" 200 3086
[12/Feb/2024 19:17:00] "GET /static/font/Lexend_Deca/LexendDeca-Regular.ttf HTTP/1.1" 304 0
[12/Feb/2024 19:17:03] "GET /view/ HTTP/1.1" 200 3086
[12/Feb/2024 19:17:06] "GET /view/ HTTP/1.1" 200 3086
[12/Feb/2024 19:17:15] "GET /view/ HTTP/1.1" 200 3086
[12/Feb/2024 19:18:28] "GET /admin/siteApp/siteinfo/?project__name=SiteIndexing HTTP/1.1" 200 45914
[12/Feb/2024 19:18:35] "GET /admin/siteApp/siteinfo/ HTTP/1.1" 200 40311
[12/Feb/2024 19:19:12] "GET /view/ HTTP/1.1" 200 3086
[12/Feb/2024 19:19:14] "GET /view/ HTTP/1.1" 200 3086
[12/Feb/2024 19:19:16] "GET /view/ HTTP/1.1" 200 3086
[12/Feb/2024 19:19:23] "GET /view/ HTTP/1.1" 200 3086
[12/Feb/2024 19:19:33] "GET /view/ HTTP/1.1" 200 3086
[12/Feb/2024 19:19:36] "GET /view/ HTTP/1.1" 200 3086
[12/Feb/2024 19:19:38] "GET /view/ HTTP/1.1" 200 3086
[12/Feb/2024 19:19:47] "GET /admin/siteApp/siteinfo/? HTTP/1.1" 200 40292
[12/Feb/2024 19:19:55] "GET /view/ HTTP/1.1" 200 3086
[12/Feb/2024 19:21:45] "GET /view/ HTTP/1.1" 200 3086
[12/Feb/2024 19:21:45] "GET /static/view.css HTTP/1.1" 304 0
[12/Feb/2024 19:22:33] "GET /admin/siteApp/siteinfo/ HTTP/1.1" 200 39966
[12/Feb/2024 19:22:38] "GET /view/ HTTP/1.1" 200 3086
[12/Feb/2024 19:22:40] "GET /view/ HTTP/1.1" 200 3086
[12/Feb/2024 19:23:54] "GET /view/ HTTP/1.1" 200 3086
[12/Feb/2024 19:26:15] "GET / HTTP/1.1" 200 1295
[12/Feb/2024 19:26:15] "GET /static/upload.css HTTP/1.1" 304 0
[12/Feb/2024 19:26:16] "GET /static/site.ico HTTP/1.1" 304 0
Internal Server Error: /
Traceback (most recent call last):
  File "/home/webapp/myenv/lib/python3.8/site-packages/django/db/backends/utils.py", line 89, in _execute
    return self.cursor.execute(sql, params)
psycopg2.errors.UntranslatableCharacter: character with byte sequence 0xef 0xbb 0xbf in encoding "UTF8" has no equivalent in encoding "LATIN1"


The above exception was the direct cause of the following exception:

Traceback (most recent call last):
  File "/home/webapp/myenv/lib/python3.8/site-packages/django/core/handlers/exception.py", line 55, in inner
    response = get_response(request)
  File "/home/webapp/myenv/lib/python3.8/site-packages/django/core/handlers/base.py", line 197, in _get_response
    response = wrapped_callback(request, *callback_args, **callback_kwargs)
  File "/home/webapp/SiteIndex/siteApp/views.py", line 55, in upload_file
    existing_record = SiteInfo.objects.filter(url=url, project=project).first()
  File "/home/webapp/myenv/lib/python3.8/site-packages/django/db/models/query.py", line 1057, in first
    for obj in queryset[:1]:
  File "/home/webapp/myenv/lib/python3.8/site-packages/django/db/models/query.py", line 398, in __iter__
    self._fetch_all()
  File "/home/webapp/myenv/lib/python3.8/site-packages/django/db/models/query.py", line 1881, in _fetch_all
    self._result_cache = list(self._iterable_class(self))
  File "/home/webapp/myenv/lib/python3.8/site-packages/django/db/models/query.py", line 91, in __iter__
    results = compiler.execute_sql(
  File "/home/webapp/myenv/lib/python3.8/site-packages/django/db/models/sql/compiler.py", line 1562, in execute_sql
    cursor.execute(sql, params)
  File "/home/webapp/myenv/lib/python3.8/site-packages/django/db/backends/utils.py", line 102, in execute
    return super().execute(sql, params)
  File "/home/webapp/myenv/lib/python3.8/site-packages/django/db/backends/utils.py", line 67, in execute
    return self._execute_with_wrappers(
  File "/home/webapp/myenv/lib/python3.8/site-packages/django/db/backends/utils.py", line 80, in _execute_with_wrappers
    return executor(sql, params, many, context)
  File "/home/webapp/myenv/lib/python3.8/site-packages/django/db/backends/utils.py", line 89, in _execute
    return self.cursor.execute(sql, params)
  File "/home/webapp/myenv/lib/python3.8/site-packages/django/db/utils.py", line 91, in __exit__
    raise dj_exc_value.with_traceback(traceback) from exc_value
  File "/home/webapp/myenv/lib/python3.8/site-packages/django/db/backends/utils.py", line 89, in _execute
    return self.cursor.execute(sql, params)
django.db.utils.DataError: character with byte sequence 0xef 0xbb 0xbf in encoding "UTF8" has no equivalent in encoding "LATIN1"

[12/Feb/2024 19:26:39] "POST / HTTP/1.1" 500 119977
[12/Feb/2024 19:27:51] "GET /view/ HTTP/1.1" 200 3934
[12/Feb/2024 19:27:51] "GET /static/view.css HTTP/1.1" 304 0
[12/Feb/2024 19:28:35] "GET /view/ HTTP/1.1" 200 3934
Internal Server Error: /
Traceback (most recent call last):
  File "/home/webapp/myenv/lib/python3.8/site-packages/django/db/backends/utils.py", line 89, in _execute
    return self.cursor.execute(sql, params)
psycopg2.errors.UntranslatableCharacter: character with byte sequence 0xef 0xbb 0xbf in encoding "UTF8" has no equivalent in encoding "LATIN1"


The above exception was the direct cause of the following exception:

Traceback (most recent call last):
  File "/home/webapp/myenv/lib/python3.8/site-packages/django/core/handlers/exception.py", line 55, in inner
    response = get_response(request)
  File "/home/webapp/myenv/lib/python3.8/site-packages/django/core/handlers/base.py", line 197, in _get_response
    response = wrapped_callback(request, *callback_args, **callback_kwargs)
  File "/home/webapp/SiteIndex/siteApp/views.py", line 55, in upload_file
    existing_record = SiteInfo.objects.filter(url=url, project=project).first()
  File "/home/webapp/myenv/lib/python3.8/site-packages/django/db/models/query.py", line 1057, in first
    for obj in queryset[:1]:
  File "/home/webapp/myenv/lib/python3.8/site-packages/django/db/models/query.py", line 398, in __iter__
    self._fetch_all()
  File "/home/webapp/myenv/lib/python3.8/site-packages/django/db/models/query.py", line 1881, in _fetch_all
    self._result_cache = list(self._iterable_class(self))
  File "/home/webapp/myenv/lib/python3.8/site-packages/django/db/models/query.py", line 91, in __iter__
    results = compiler.execute_sql(
  File "/home/webapp/myenv/lib/python3.8/site-packages/django/db/models/sql/compiler.py", line 1562, in execute_sql
    cursor.execute(sql, params)
  File "/home/webapp/myenv/lib/python3.8/site-packages/django/db/backends/utils.py", line 102, in execute
    return super().execute(sql, params)
  File "/home/webapp/myenv/lib/python3.8/site-packages/django/db/backends/utils.py", line 67, in execute
    return self._execute_with_wrappers(
  File "/home/webapp/myenv/lib/python3.8/site-packages/django/db/backends/utils.py", line 80, in _execute_with_wrappers
    return executor(sql, params, many, context)
  File "/home/webapp/myenv/lib/python3.8/site-packages/django/db/backends/utils.py", line 89, in _execute
    return self.cursor.execute(sql, params)
  File "/home/webapp/myenv/lib/python3.8/site-packages/django/db/utils.py", line 91, in __exit__
    raise dj_exc_value.with_traceback(traceback) from exc_value
  File "/home/webapp/myenv/lib/python3.8/site-packages/django/db/backends/utils.py", line 89, in _execute
    return self.cursor.execute(sql, params)
django.db.utils.DataError: character with byte sequence 0xef 0xbb 0xbf in encoding "UTF8" has no equivalent in encoding "LATIN1"

[12/Feb/2024 19:32:25] "POST / HTTP/1.1" 500 119978
[12/Feb/2024 19:34:24] "GET /view/ HTTP/1.1" 200 3955
[12/Feb/2024 19:34:24] "GET /static/view.css HTTP/1.1" 200 1471
[12/Feb/2024 19:34:25] "GET /static/font.css HTTP/1.1" 304 0
[12/Feb/2024 19:34:25] "GET /static/font/Lexend_Deca/LexendDeca-Regular.ttf HTTP/1.1" 304 0
[12/Feb/2024 19:36:15] "GET /view/ HTTP/1.1" 200 3955
[12/Feb/2024 19:36:18] "GET /view/ HTTP/1.1" 200 3955
[12/Feb/2024 19:36:23] "GET /view/ HTTP/1.1" 200 3955
[12/Feb/2024 19:36:27] "GET /view/ HTTP/1.1" 200 3955
[12/Feb/2024 19:36:31] "GET /view/ HTTP/1.1" 200 3955
[12/Feb/2024 19:36:34] "GET /view/ HTTP/1.1" 200 3955
[12/Feb/2024 19:36:38] "GET /view/ HTTP/1.1" 200 3955
[12/Feb/2024 19:36:41] "GET /view/ HTTP/1.1" 200 3955
[12/Feb/2024 19:38:28] "GET /view/ HTTP/1.1" 200 3956
[12/Feb/2024 19:38:34] "GET /view/ HTTP/1.1" 200 3956
[12/Feb/2024 19:39:58] "GET /view/ HTTP/1.1" 200 3956
[12/Feb/2024 19:39:59] "GET /view/ HTTP/1.1" 200 3956
[12/Feb/2024 19:40:01] "GET /view/ HTTP/1.1" 200 3956
[12/Feb/2024 19:40:03] "GET /view/ HTTP/1.1" 200 3956
[12/Feb/2024 19:40:04] "GET /view/ HTTP/1.1" 200 3956
[12/Feb/2024 19:40:27] "GET /view/ HTTP/1.1" 200 3956
[12/Feb/2024 19:40:27] "GET /static/view.css HTTP/1.1" 304 0
[12/Feb/2024 19:40:29] "GET /view/ HTTP/1.1" 200 3956
[12/Feb/2024 19:56:08] "GET /view/ HTTP/1.1" 200 3956
[12/Feb/2024 19:56:11] "GET /static/view.css HTTP/1.1" 304 0
[12/Feb/2024 19:56:18] "GET /view/ HTTP/1.1" 200 3956
[12/Feb/2024 19:57:57] "POST / HTTP/1.1" 302 0
[12/Feb/2024 19:58:01] "GET /view/ HTTP/1.1" 200 3956
[12/Feb/2024 19:58:05] "GET /view/ HTTP/1.1" 200 3956
[12/Feb/2024 19:58:08] "GET /download_data/?project_name=My%20Country%20blog&data_type=not_specified HTTP/1.1" 200 24
[12/Feb/2024 20:07:46] "GET /view/ HTTP/1.1" 200 3956
[12/Feb/2024 20:07:47] "GET /static/view.css HTTP/1.1" 304 0
[12/Feb/2024 20:07:47] "GET /static/font.css HTTP/1.1" 304 0
[12/Feb/2024 20:07:48] "GET /static/font/Lexend_Deca/LexendDeca-Regular.ttf HTTP/1.1" 304 0
[12/Feb/2024 20:07:48] "GET /static/site.ico HTTP/1.1" 304 0
[13/Feb/2024 03:28:46] "POST / HTTP/1.1" 302 0
[13/Feb/2024 03:28:46] "POST / HTTP/1.1" 302 0
[13/Feb/2024 03:28:46] "GET /success/ HTTP/1.1" 200 1624
[13/Feb/2024 08:41:56] "GET / HTTP/1.1" 200 1295
[13/Feb/2024 10:16:44] "GET /admin/siteApp/siteinfo/ HTTP/1.1" 200 38093
[13/Feb/2024 10:32:30] "GET / HTTP/1.1" 200 1295
[13/Feb/2024 10:32:30] "GET /static/upload.css HTTP/1.1" 304 0
[13/Feb/2024 10:32:31] "GET /static/siteimage.jpg HTTP/1.1" 304 0
[13/Feb/2024 10:32:35] "GET /admin/siteApp/siteinfo/ HTTP/1.1" 200 38093
[13/Feb/2024 10:32:41] "GET /admin/siteApp/siteinfo/?is_indexed__exact=1 HTTP/1.1" 200 42813
[13/Feb/2024 10:40:49] "GET / HTTP/1.1" 200 1295
[13/Feb/2024 10:40:54] "GET /view/ HTTP/1.1" 200 3959
[13/Feb/2024 10:40:54] "GET /static/view.css HTTP/1.1" 304 0
[13/Feb/2024 10:40:55] "GET /static/font.css HTTP/1.1" 304 0
[13/Feb/2024 10:40:55] "GET /static/font/Lexend_Deca/LexendDeca-Regular.ttf HTTP/1.1" 304 0
[13/Feb/2024 10:44:01] "GET /view/ HTTP/1.1" 200 3959
[13/Feb/2024 10:44:02] "GET /static/site.ico HTTP/1.1" 304 0
[13/Feb/2024 10:44:47] "GET /download_data/?project_name=My%20Country%20blog&data_type=all HTTP/1.1" 200 37176
[13/Feb/2024 10:48:46] "GET /view/ HTTP/1.1" 200 3959
[13/Feb/2024 10:49:55] "GET /admin/siteApp/siteinfo/?is_indexed__exact=1 HTTP/1.1" 200 42813
[13/Feb/2024 13:10:28] "GET / HTTP/1.1" 200 1295
[13/Feb/2024 13:18:39] "GET /view/ HTTP/1.1" 200 3959
[13/Feb/2024 13:18:55] "GET /static/view.css HTTP/1.1" 200 1471
[13/Feb/2024 13:18:56] "GET /static/font.css HTTP/1.1" 200 280
[13/Feb/2024 13:18:57] "GET /static/font/Lexend_Deca/LexendDeca-Regular.ttf HTTP/1.1" 200 71052
[13/Feb/2024 15:15:02] "GET / HTTP/1.1" 200 1295
[13/Feb/2024 15:15:02] "GET /static/upload.css HTTP/1.1" 200 4462
[13/Feb/2024 15:15:03] "GET /static/site.ico HTTP/1.1" 200 258782
[13/Feb/2024 15:15:06] "GET /static/siteimage.jpg HTTP/1.1" 200 688553
[13/Feb/2024 15:15:18] "GET /view/ HTTP/1.1" 200 3959
[13/Feb/2024 15:15:19] "GET /static/view.css HTTP/1.1" 200 1471
[13/Feb/2024 15:15:19] "GET /static/font.css HTTP/1.1" 200 280
[13/Feb/2024 15:15:20] "GET /static/font/Lexend_Deca/LexendDeca-Regular.ttf HTTP/1.1" 200 71052
[14/Feb/2024 05:33:21] "GET / HTTP/1.1" 200 1295
[14/Feb/2024 12:02:56] code 400, message Bad request version ("K)\x14ÚpÏô\x04µ(\x8b\x8c\x8eD(\x00(\x13\x02\x13\x01À,À+À0À/À$À#À(À'À")
[14/Feb/2024 12:02:56] You're accessing the development server over HTTPS, but it only supports HTTP.
[14/Feb/2024 12:02:57] code 400, message Bad request syntax ("\x16\x03\x03\x00§\x01\x00\x00£\x03\x03eÌ^\x99Ö\x01\x131à/òåk(A\x93\x07É7Ò\x02Áyo1buåëà\x11Y\x00\x00$À,À+À0À/À$À#À(À'À")
[14/Feb/2024 12:02:57] You're accessing the development server over HTTPS, but it only supports HTTP.
[14/Feb/2024 12:02:57] code 400, message Bad request syntax ("\x16\x03\x03\x00§\x01\x00\x00£\x03\x03eÌ^\x99®rx\x82\x10âÙ-Áø¿äó\x81ãxF9X\x9dEÈøà\x7fÖv,\x00\x00$À,À+À0À/À$À#À(À'À")
[14/Feb/2024 12:02:57] You're accessing the development server over HTTPS, but it only supports HTTP.
[14/Feb/2024 12:02:57] code 400, message Bad request version ('\x00\x1a\x00\x18\x08\x04\x08\x05\x08\x06\x04\x01\x05\x01\x02\x01\x04\x03\x05\x03\x02\x03\x02\x02\x06\x01\x06\x03\x00#\x00\x00\x00')
[14/Feb/2024 12:02:57] You're accessing the development server over HTTPS, but it only supports HTTP.
[14/Feb/2024 12:02:59] code 400, message Bad request version ("d¼©R\x86üLî{T}`\x97ë¦\x94\x00,\x13\x02\x13\x01À,À+À0À/\x00\x9f\x00\x9eÀ$À#À(À'À")
[14/Feb/2024 12:02:59] You're accessing the development server over HTTPS, but it only supports HTTP.
[15/Feb/2024 05:36:50] code 400, message Bad request version ("RJ?\x9bã\x9dÉC\x0ePíUP\x13\x80Ì\x13àÄ²Â\x02S\x07\x95Ý\x88m\x00(\x13\x02\x13\x01À,À+À0À/À$À#À(À'À")
[15/Feb/2024 05:36:50] You're accessing the development server over HTTPS, but it only supports HTTP.
[15/Feb/2024 05:36:50] code 400, message Bad request version ("\x81Üï^ù\x00\x00$À,À+À0À/À$À#À(À'À")
[15/Feb/2024 05:36:50] You're accessing the development server over HTTPS, but it only supports HTTP.
[15/Feb/2024 05:36:50] code 400, message Bad request version ("wH:\x18Cy¤Ë5\x98k\x00\x00$À,À+À0À/À$À#À(À'À")
[15/Feb/2024 05:36:50] You're accessing the development server over HTTPS, but it only supports HTTP.
[15/Feb/2024 05:36:51] code 400, message Bad request version ('ßS6¤\x1atÇG½hr§åW¶')
[15/Feb/2024 05:36:51] You're accessing the development server over HTTPS, but it only supports HTTP.
[15/Feb/2024 05:36:52] code 400, message Bad request version ("ómgr¦dw\x00,\x13\x02\x13\x01À,À+À0À/\x00\x9f\x00\x9eÀ$À#À(À'À")
[15/Feb/2024 05:36:52] You're accessing the development server over HTTPS, but it only supports HTTP.
[15/Feb/2024 10:31:38] code 400, message Bad request version ('\x00\x02\x01\x00\x00\x1b\x00\x03\x02\x00\x02\x00')
[15/Feb/2024 10:31:38] You're accessing the development server over HTTPS, but it only supports HTTP.
[15/Feb/2024 10:31:39] code 400, message Bad request version ('\x00\x12\x00\x10\x04\x03\x08\x04\x04\x01\x05\x03\x08\x05\x05\x01\x08\x06\x06\x01\x00')
[15/Feb/2024 10:31:39] You're accessing the development server over HTTPS, but it only supports HTTP.
[15/Feb/2024 10:31:39] "GET / HTTP/1.1" 200 1295
[15/Feb/2024 10:31:39] "GET /static/upload.css HTTP/1.1" 200 4462
[15/Feb/2024 10:31:40] code 400, message Bad request version ('ºº\x13\x01\x13\x02\x13\x03À+À/À,À0Ì©Ì¨À\x13À\x14\x00\x9c\x00\x9d\x00/\x005\x01\x00\x01Í')
[15/Feb/2024 10:31:40] You're accessing the development server over HTTPS, but it only supports HTTP.
[15/Feb/2024 10:31:41] "GET /static/site.ico HTTP/1.1" 200 258782
[15/Feb/2024 10:31:41] code 400, message Bad request version ('\x00\x02\x01\x00\x00#\x00\x00\x00')
[15/Feb/2024 10:31:41] You're accessing the development server over HTTPS, but it only supports HTTP.
[15/Feb/2024 10:31:41] "GET /static/siteimage.jpg HTTP/1.1" 200 688553
[15/Feb/2024 13:17:10] "GET / HTTP/1.1" 200 1295
[15/Feb/2024 17:10:42] "GET / HTTP/1.1" 200 1295
[15/Feb/2024 17:10:48] "GET /view/ HTTP/1.1" 200 3959
[15/Feb/2024 17:10:48] "GET /static/view.css HTTP/1.1" 200 1471
[15/Feb/2024 17:10:50] "GET /static/font.css HTTP/1.1" 200 280
[15/Feb/2024 17:10:52] "GET /static/font/Lexend_Deca/LexendDeca-Regular.ttf HTTP/1.1" 200 71052
[15/Feb/2024 17:12:49] "GET /view/ HTTP/1.1" 200 3959
[16/Feb/2024 06:52:42] "GET / HTTP/1.1" 200 1295
[16/Feb/2024 11:41:40] "GET / HTTP/1.1" 200 1295
[16/Feb/2024 11:41:40] "GET /static/upload.css HTTP/1.1" 200 4462
[16/Feb/2024 11:41:41] "GET /static/site.ico HTTP/1.1" 200 258782
[16/Feb/2024 11:41:42] "GET /static/siteimage.jpg HTTP/1.1" 200 688553
[16/Feb/2024 11:41:43] "GET /view/ HTTP/1.1" 200 3959
[16/Feb/2024 11:41:44] "GET /static/view.css HTTP/1.1" 200 1471
[16/Feb/2024 11:41:44] "GET /static/font.css HTTP/1.1" 200 280
[16/Feb/2024 11:41:45] "GET /static/font/Lexend_Deca/LexendDeca-Regular.ttf HTTP/1.1" 200 71052
[16/Feb/2024 11:41:52] "GET /admin/ HTTP/1.1" 302 0
[16/Feb/2024 11:41:53] "GET /admin/login/?next=/admin/ HTTP/1.1" 200 4185
[16/Feb/2024 11:41:53] "GET /static/admin/css/base.css HTTP/1.1" 200 21207
[16/Feb/2024 11:41:53] "GET /static/admin/css/dark_mode.css HTTP/1.1" 200 2929
[16/Feb/2024 11:41:53] "GET /static/admin/css/nav_sidebar.css HTTP/1.1" 200 2694
[16/Feb/2024 11:41:53] "GET /static/admin/js/theme.js HTTP/1.1" 200 1943
[16/Feb/2024 11:41:53] "GET /static/admin/css/login.css HTTP/1.1" 200 958
[16/Feb/2024 11:41:53] "GET /static/admin/css/responsive.css HTTP/1.1" 200 18533
[16/Feb/2024 11:41:54] "GET /static/admin/js/nav_sidebar.js HTTP/1.1" 200 3063
Not Found: /favicon.ico
[16/Feb/2024 11:41:54] "GET /favicon.ico HTTP/1.1" 404 2924
[16/Feb/2024 11:41:57] "POST /admin/login/?next=/admin/ HTTP/1.1" 302 0
[16/Feb/2024 11:41:58] "POST /admin/login/?next=/admin/ HTTP/1.1" 302 0
[16/Feb/2024 11:41:58] "GET /admin/ HTTP/1.1" 200 8926
[16/Feb/2024 11:41:59] "GET /static/admin/css/dashboard.css HTTP/1.1" 200 441
[16/Feb/2024 11:41:59] "GET /static/admin/img/icon-deletelink.svg HTTP/1.1" 200 392
[16/Feb/2024 11:41:59] "GET /static/admin/img/icon-addlink.svg HTTP/1.1" 200 331
[16/Feb/2024 11:41:59] "GET /static/admin/img/icon-changelink.svg HTTP/1.1" 200 380
[16/Feb/2024 11:42:01] "GET /admin/siteApp/siteinfo/ HTTP/1.1" 200 38093
[16/Feb/2024 11:42:02] "GET /static/admin/css/changelists.css HTTP/1.1" 200 6566
[16/Feb/2024 11:42:02] "GET /static/admin/js/core.js HTTP/1.1" 200 5682
[16/Feb/2024 11:42:02] "GET /static/admin/js/jquery.init.js HTTP/1.1" 200 347
[16/Feb/2024 11:42:02] "GET /static/admin/js/admin/RelatedObjectLookups.js HTTP/1.1" 200 8943
[16/Feb/2024 11:42:02] "GET /static/admin/js/actions.js HTTP/1.1" 200 7872
[16/Feb/2024 11:42:02] "GET /static/admin/js/urlify.js HTTP/1.1" 200 7887
[16/Feb/2024 11:42:02] "GET /static/admin/js/prepopulate.js HTTP/1.1" 200 1531
[16/Feb/2024 11:42:02] "GET /static/admin/js/vendor/jquery/jquery.js HTTP/1.1" 200 292458
[16/Feb/2024 11:42:02] "GET /static/admin/js/vendor/xregexp/xregexp.js HTTP/1.1" 200 232381
[16/Feb/2024 11:42:03] "GET /static/admin/img/search.svg HTTP/1.1" 200 458
[16/Feb/2024 11:42:03] "GET /static/admin/img/icon-yes.svg HTTP/1.1" 200 436
[16/Feb/2024 11:42:03] "GET /static/admin/js/filters.js HTTP/1.1" 200 978
[16/Feb/2024 11:42:04] "GET /static/admin/img/icon-unknown.svg HTTP/1.1" 200 655
[16/Feb/2024 11:42:04] "GET /static/admin/img/tooltag-add.svg HTTP/1.1" 200 331
/home/webapp/SiteIndex/SiteIndex/settings.py changed, reloading.
Performing system checks...

System check identified no issues (0 silenced).
February 12, 2024 - 18:39:01
Django version 4.2.6, using settings 'SiteIndex.settings'
Starting development server at http://70.36.107.109:6363/
Quit the server with CONTROL-C.

Watching for file changes with StatReloader
[16/Feb/2024 11:45:22] "GET /admin/siteApp/siteinfo/ HTTP/1.1" 200 55647
[16/Feb/2024 11:45:22] "GET /static/vendor/fontawesome-free/css/all.min.css HTTP/1.1" 200 59344
[16/Feb/2024 11:45:22] "GET /static/jazzmin/css/main.css HTTP/1.1" 200 16969
[16/Feb/2024 11:45:22] "GET /static/vendor/select2/css/select2.min.css HTTP/1.1" 200 16264
[16/Feb/2024 11:45:22] "GET /static/vendor/adminlte/img/AdminLTELogo.png HTTP/1.1" 200 2637
[16/Feb/2024 11:45:23] "GET /static/vendor/bootstrap/js/bootstrap.min.js HTTP/1.1" 200 62440
[16/Feb/2024 11:45:23] "GET /static/vendor/adminlte/js/adminlte.min.js HTTP/1.1" 200 44244
[16/Feb/2024 11:45:23] "GET /static/jazzmin/js/main.js HTTP/1.1" 200 2391
[16/Feb/2024 11:45:24] "GET /static/vendor/select2/js/select2.min.js HTTP/1.1" 200 73170
[16/Feb/2024 11:45:24] "GET /static/vendor/adminlte/css/adminlte.min.css HTTP/1.1" 200 1382975
[16/Feb/2024 11:45:24] "GET /static/jazzmin/js/change_list.js HTTP/1.1" 200 2252
[16/Feb/2024 11:45:24] "GET /static/vendor/fontawesome-free/webfonts/fa-regular-400.woff2 HTTP/1.1" 200 13276
[16/Feb/2024 11:45:24] "GET /static/vendor/fontawesome-free/webfonts/fa-solid-900.woff2 HTTP/1.1" 200 78196
[16/Feb/2024 11:46:51] "GET /admin/siteApp/siteinfo/ HTTP/1.1" 200 55647
[16/Feb/2024 11:46:59] "GET /admin/siteApp/siteinfo/ HTTP/1.1" 200 55647
[16/Feb/2024 11:48:28] "GET /admin/siteApp/siteinfo/ HTTP/1.1" 200 55647
[16/Feb/2024 11:48:31] "GET /admin/siteApp/siteinfo/ HTTP/1.1" 200 55647
[16/Feb/2024 11:48:45] code 400, message Bad request version ('?^\x7f¾ò¢$á³h\x00')
[16/Feb/2024 11:48:45] You're accessing the development server over HTTPS, but it only supports HTTP.
[16/Feb/2024 11:48:45] code 400, message Bad request version ("ÒÜ\x99mbÞÕ1Q³`\x18û\x15]\x14'Z\x00")
[16/Feb/2024 11:48:45] You're accessing the development server over HTTPS, but it only supports HTTP.
[16/Feb/2024 11:48:45] code 400, message Bad request version ('Å\x8dFÖ¿GÙiT\x07w\x97¶á.P\x8eb\x00\x17\x00\x00\x00\x05\x00\x05\x01\x00\x00\x00\x00\x003\x00+\x00)')
[16/Feb/2024 11:48:45] You're accessing the development server over HTTPS, but it only supports HTTP.
[16/Feb/2024 11:48:45] code 400, message Bad request version ('^\x02%\x88è×\x98ï\x8cªÝÕU')
[16/Feb/2024 11:48:45] You're accessing the development server over HTTPS, but it only supports HTTP.
[16/Feb/2024 11:48:46] "GET /admin/siteApp/siteinfo/ HTTP/1.1" 302 0
[16/Feb/2024 11:48:46] "GET /admin/login/?next=/admin/siteApp/siteinfo/ HTTP/1.1" 200 3082
[16/Feb/2024 11:48:46] "GET /static/vendor/fontawesome-free/css/all.min.css HTTP/1.1" 200 59344
[16/Feb/2024 11:48:47] "GET /static/jazzmin/css/main.css HTTP/1.1" 200 16969
[16/Feb/2024 11:48:47] "GET /static/vendor/adminlte/img/AdminLTELogo.png HTTP/1.1" 200 2637
[16/Feb/2024 11:48:47] "GET /static/vendor/bootstrap/js/bootstrap.min.js HTTP/1.1" 200 62440
[16/Feb/2024 11:48:47] "GET /static/vendor/adminlte/js/adminlte.min.js HTTP/1.1" 200 44244
[16/Feb/2024 11:48:47] "GET /static/admin/js/vendor/jquery/jquery.js HTTP/1.1" 200 292458
[16/Feb/2024 11:48:48] "GET /static/vendor/adminlte/css/adminlte.min.css HTTP/1.1" 200 1382975
[16/Feb/2024 11:48:49] "GET /static/vendor/fontawesome-free/webfonts/fa-solid-900.woff2 HTTP/1.1" 200 78196
[16/Feb/2024 11:48:50] code 400, message Bad request version ('\x94×®:ùC\x8cå')
[16/Feb/2024 11:48:50] You're accessing the development server over HTTPS, but it only supports HTTP.
[16/Feb/2024 11:48:50] code 400, message Bad request version ('\x97¯Ç')
[16/Feb/2024 11:48:50] You're accessing the development server over HTTPS, but it only supports HTTP.
[16/Feb/2024 11:49:00] code 400, message Bad request version ("^÷'áä=EÌì|\x8bØ¯µeXC\x00+\x00\x07\x06::\x03\x04\x03\x03\x00")
[16/Feb/2024 11:49:00] You're accessing the development server over HTTPS, but it only supports HTTP.
[16/Feb/2024 11:49:01] code 400, message Bad request version ('\x99Ï¼ìÝuÛ\x97F»8c0´')
[16/Feb/2024 11:49:01] You're accessing the development server over HTTPS, but it only supports HTTP.
[16/Feb/2024 11:49:06] "GET /admin/login/?next=/admin/siteApp/siteinfo/ HTTP/1.1" 200 3082
[16/Feb/2024 11:49:07] code 400, message Bad request version ('ÚÚ\x13\x01\x13\x02\x13\x03À+À/À,À0Ì©Ì¨À\x13À\x14\x00\x9c\x00\x9d\x00/\x005\x01\x00\x01\xadúú\x00\x00\x00')
[16/Feb/2024 11:49:07] You're accessing the development server over HTTPS, but it only supports HTTP.
[16/Feb/2024 11:49:07] code 400, message Bad request version ('\x00é<+\x9e²\x16m}f\x8cOZ|~cÃ1(0Ú¢Ï·æ©')
[16/Feb/2024 11:49:07] You're accessing the development server over HTTPS, but it only supports HTTP.
[16/Feb/2024 11:50:18] "GET /admin/login/?next=/admin/siteApp/siteinfo/ HTTP/1.1" 200 3082
[16/Feb/2024 11:50:56] "GET /admin/login/?next=/admin/siteApp/siteinfo/ HTTP/1.1" 200 3082
[16/Feb/2024 11:50:58] "GET /admin/login/?next=/admin/siteApp/siteinfo/ HTTP/1.1" 200 3082
[16/Feb/2024 11:51:25] code 400, message Bad request version ('Lù\x0fÝÀ\x92Ð²X\x14\x9f;´Ð\x9dâ×Ì\x12\x03\x97\x11')
[16/Feb/2024 11:51:25] You're accessing the development server over HTTPS, but it only supports HTTP.
[16/Feb/2024 11:51:25] code 400, message Bad request version ('::\x13\x01\x13\x02\x13\x03À+À/À,À0Ì©Ì¨À\x13À\x14\x00\x9c\x00\x9d\x00/\x005\x01\x00\x01\xadºº\x00\x00\x00')
[16/Feb/2024 11:51:25] You're accessing the development server over HTTPS, but it only supports HTTP.
[16/Feb/2024 11:51:25] code 400, message Bad request version ('\x82*O\x0e6BwúK\x05Áa\x96#\x93ù\x97£¬$\x7fÅ½t\x9c§\x93j\xad')
[16/Feb/2024 11:51:25] You're accessing the development server over HTTPS, but it only supports HTTP.
[16/Feb/2024 11:51:25] code 400, message Bad request version ('\x00ð¾\x91\x9b¶*\x87Ém¡\x1bcÁ\x13UãGr\x14\x9bnZ\x9d&*)\x8e(y¼\x8e\x00uðÂ\x08!\x01\x93Ç\x8b¼h¶W^£×»\x0f´E\x19\x86Ù²ÝàæÙâ\x9aá')
[16/Feb/2024 11:51:25] You're accessing the development server over HTTPS, but it only supports HTTP.
[16/Feb/2024 11:51:25] "GET /admin/login/?next=/admin/siteApp/siteinfo/ HTTP/1.1" 200 3082
[16/Feb/2024 11:51:26] "GET /static/vendor/fontawesome-free/css/all.min.css HTTP/1.1" 200 59344
[16/Feb/2024 11:51:26] "GET /static/vendor/adminlte/img/AdminLTELogo.png HTTP/1.1" 200 2637
[16/Feb/2024 11:51:26] "GET /static/jazzmin/css/main.css HTTP/1.1" 200 16969
[16/Feb/2024 11:51:26] "GET /static/vendor/bootstrap/js/bootstrap.min.js HTTP/1.1" 200 62440
[16/Feb/2024 11:51:26] "GET /static/vendor/adminlte/js/adminlte.min.js HTTP/1.1" 200 44244
[16/Feb/2024 11:51:27] "GET /static/admin/js/vendor/jquery/jquery.js HTTP/1.1" 200 292458
[16/Feb/2024 11:51:27] "GET /static/vendor/adminlte/css/adminlte.min.css HTTP/1.1" 200 1382975
[16/Feb/2024 11:51:28] "GET /static/vendor/fontawesome-free/webfonts/fa-solid-900.woff2 HTTP/1.1" 200 78196
[16/Feb/2024 11:51:28] code 400, message Bad request version ('n\x8a\x15\x00\x1b\x00\x03\x02\x00\x02\x00')
[16/Feb/2024 11:51:28] You're accessing the development server over HTTPS, but it only supports HTTP.
[16/Feb/2024 11:51:28] code 400, message Bad request version ('\x92á')
[16/Feb/2024 11:51:28] You're accessing the development server over HTTPS, but it only supports HTTP.
[16/Feb/2024 11:51:28] code 400, message Bad request version ('ò\x86IÔ\x1bþô}©àtÎ{')
[16/Feb/2024 11:51:28] You're accessing the development server over HTTPS, but it only supports HTTP.
[16/Feb/2024 11:51:29] code 400, message Bad request version ("Ñ\x99n#õ\x18\x8dKä#\x89þÄ\x9a?'¦\x86ñ:Ô8ç·gõ")
[16/Feb/2024 11:51:29] You're accessing the development server over HTTPS, but it only supports HTTP.
[16/Feb/2024 11:51:29] code 400, message Bad request version ('\x00\x12\x00\x10\x04\x03\x08\x04\x04\x01\x05\x03\x08\x05\x05\x01\x08\x06\x06\x01\x00')
[16/Feb/2024 11:51:29] You're accessing the development server over HTTPS, but it only supports HTTP.
[16/Feb/2024 11:51:29] code 400, message Bad request version ('JJ\x13\x01\x13\x02\x13\x03À+À/À,À0Ì©Ì¨À\x13À\x14\x00\x9c\x00\x9d\x00/\x005\x01\x00\x01\xadÊÊ\x00\x00\x00\x1b\x00\x03\x02\x00\x02\x00')
[16/Feb/2024 11:51:29] You're accessing the development server over HTTPS, but it only supports HTTP.
[16/Feb/2024 11:51:29] code 400, message Bad request version ('\x00\x02\x01\x00\x00-\x00\x02\x01\x01\x00\x05\x00\x05\x01\x00\x00\x00\x00\x00')
[16/Feb/2024 11:51:29] You're accessing the development server over HTTPS, but it only supports HTTP.
[16/Feb/2024 11:51:29] code 400, message Bad request version ('&ö\xadjpÊ\x13')
[16/Feb/2024 11:51:29] You're accessing the development server over HTTPS, but it only supports HTTP.
[16/Feb/2024 11:51:33] "GET / HTTP/1.1" 200 1295
[16/Feb/2024 11:51:33] code 400, message Bad request version ('Ó\x86\x90É\x8bá?$\x0eµOÊ²å<-Ø÷¤\x9e?\x00\x1b\x00\x03\x02\x00\x02\x00')
[16/Feb/2024 11:51:33] You're accessing the development server over HTTPS, but it only supports HTTP.
[16/Feb/2024 11:51:33] "GET /static/upload.css HTTP/1.1" 200 4462
[16/Feb/2024 11:51:34] code 400, message Bad request version ('\x00\x12\x00\x10\x04\x03\x08\x04\x04\x01\x05\x03\x08\x05\x05\x01\x08\x06\x06\x01ÿ\x01\x00\x01\x00\x00')
[16/Feb/2024 11:51:34] You're accessing the development server over HTTPS, but it only supports HTTP.
[16/Feb/2024 11:51:34] "GET /static/site.ico HTTP/1.1" 200 258782
[16/Feb/2024 11:51:35] "GET /static/siteimage.jpg HTTP/1.1" 200 688553
[16/Feb/2024 11:51:38] "GET /admin/login/?next=/admin/siteApp/siteinfo/ HTTP/1.1" 200 3082
[16/Feb/2024 11:51:44] "POST /admin/login/?next=/admin/siteApp/siteinfo/ HTTP/1.1" 302 0
[16/Feb/2024 11:51:44] "GET /admin/siteApp/siteinfo/ HTTP/1.1" 200 55647
[16/Feb/2024 11:51:45] "GET /static/vendor/select2/css/select2.min.css HTTP/1.1" 200 16264
[16/Feb/2024 11:51:45] "GET /static/admin/js/core.js HTTP/1.1" 200 5682
[16/Feb/2024 11:51:45] "GET /static/admin/js/jquery.init.js HTTP/1.1" 200 347
[16/Feb/2024 11:51:45] "GET /static/admin/js/actions.js HTTP/1.1" 200 7872
[16/Feb/2024 11:51:45] "GET /static/admin/js/admin/RelatedObjectLookups.js HTTP/1.1" 200 8943
[16/Feb/2024 11:51:45] "GET /static/admin/js/urlify.js HTTP/1.1" 200 7887
[16/Feb/2024 11:51:45] "GET /static/admin/js/prepopulate.js HTTP/1.1" 200 1531
[16/Feb/2024 11:51:45] "GET /static/admin/img/icon-yes.svg HTTP/1.1" 200 436
[16/Feb/2024 11:51:45] "GET /static/jazzmin/js/main.js HTTP/1.1" 200 2391
[16/Feb/2024 11:51:46] "GET /static/admin/js/vendor/xregexp/xregexp.js HTTP/1.1" 200 232381
[16/Feb/2024 11:51:46] "GET /static/vendor/select2/js/select2.min.js HTTP/1.1" 200 73170
[16/Feb/2024 11:51:46] "GET /static/jazzmin/js/change_list.js HTTP/1.1" 200 2252
[16/Feb/2024 11:51:46] "GET /static/admin/img/icon-unknown.svg HTTP/1.1" 200 655
[16/Feb/2024 11:51:47] "GET /static/vendor/fontawesome-free/webfonts/fa-regular-400.woff2 HTTP/1.1" 200 13276
Watching for file changes with StatReloader
[16/Feb/2024 15:43:28] "GET /admin/siteApp/siteinfo/ HTTP/1.1" 200 48254
/home/webapp/SiteIndex/SiteIndex/settings.py changed, reloading.
Performing system checks...

System check identified no issues (0 silenced).
February 16, 2024 - 15:40:15
Django version 4.2.6, using settings 'SiteIndex.settings'
Starting development server at http://70.36.107.109:6363/
Quit the server with CONTROL-C.

Watching for file changes with StatReloader
[16/Feb/2024 15:43:34] "GET /admin/siteApp/siteinfo/ HTTP/1.1" 200 58145
/home/webapp/SiteIndex/SiteIndex/urls.py changed, reloading.
Performing system checks...

System check identified no issues (0 silenced).

You have 21 unapplied migration(s). Your project may not work properly until you apply the migrations for app(s): admin_tools_stats.
Run 'python manage.py migrate' to apply them.
February 16, 2024 - 15:43:30
Django version 4.2.6, using settings 'SiteIndex.settings'
Starting development server at http://70.36.107.109:6363/
Quit the server with CONTROL-C.

Watching for file changes with StatReloader
Exception in thread django-main-thread:
Traceback (most recent call last):
  File "/usr/lib/python3.8/threading.py", line 932, in _bootstrap_inner
    self.run()
  File "/usr/lib/python3.8/threading.py", line 870, in run
    self._target(*self._args, **self._kwargs)
  File "/home/webapp/myenv/lib/python3.8/site-packages/django/utils/autoreload.py", line 64, in wrapper
    fn(*args, **kwargs)
  File "/home/webapp/myenv/lib/python3.8/site-packages/django/core/management/commands/runserver.py", line 133, in inner_run
    self.check(display_num_errors=True)
  File "/home/webapp/myenv/lib/python3.8/site-packages/django/core/management/base.py", line 485, in check
    all_issues = checks.run_checks(
  File "/home/webapp/myenv/lib/python3.8/site-packages/django/core/checks/registry.py", line 88, in run_checks
    new_errors = check(app_configs=app_configs, databases=databases)
  File "/home/webapp/myenv/lib/python3.8/site-packages/django/core/checks/urls.py", line 14, in check_url_config
    return check_resolver(resolver)
  File "/home/webapp/myenv/lib/python3.8/site-packages/django/core/checks/urls.py", line 24, in check_resolver
    return check_method()
  File "/home/webapp/myenv/lib/python3.8/site-packages/django/urls/resolvers.py", line 494, in check
    for pattern in self.url_patterns:
  File "/home/webapp/myenv/lib/python3.8/site-packages/django/utils/functional.py", line 57, in __get__
    res = instance.__dict__[self.name] = self.func(instance)
  File "/home/webapp/myenv/lib/python3.8/site-packages/django/urls/resolvers.py", line 715, in url_patterns
    patterns = getattr(self.urlconf_module, "urlpatterns", self.urlconf_module)
  File "/home/webapp/myenv/lib/python3.8/site-packages/django/utils/functional.py", line 57, in __get__
    res = instance.__dict__[self.name] = self.func(instance)
  File "/home/webapp/myenv/lib/python3.8/site-packages/django/urls/resolvers.py", line 708, in urlconf_module
    return import_module(self.urlconf_name)
  File "/usr/lib/python3.8/importlib/__init__.py", line 127, in import_module
    return _bootstrap._gcd_import(name[level:], package, level)
  File "<frozen importlib._bootstrap>", line 1014, in _gcd_import
  File "<frozen importlib._bootstrap>", line 991, in _find_and_load
  File "<frozen importlib._bootstrap>", line 975, in _find_and_load_unlocked
  File "<frozen importlib._bootstrap>", line 671, in _load_unlocked
  File "<frozen importlib._bootstrap_external>", line 844, in exec_module
  File "<frozen importlib._bootstrap_external>", line 981, in get_code
  File "<frozen importlib._bootstrap_external>", line 911, in source_to_code
  File "<frozen importlib._bootstrap>", line 219, in _call_with_frames_removed
  File "/home/webapp/SiteIndex/SiteIndex/urls.py", line 25
    path('admin_tools_stats/',include('admin_tools_stats.urls')),
    ^
SyntaxError: invalid syntax
/home/webapp/SiteIndex/SiteIndex/settings.py changed, reloading.
Performing system checks...

Watching for file changes with StatReloader
Exception in thread django-main-thread:
Traceback (most recent call last):
  File "/usr/lib/python3.8/threading.py", line 932, in _bootstrap_inner
    self.run()
  File "/usr/lib/python3.8/threading.py", line 870, in run
    self._target(*self._args, **self._kwargs)
  File "/home/webapp/myenv/lib/python3.8/site-packages/django/utils/autoreload.py", line 64, in wrapper
    fn(*args, **kwargs)
  File "/home/webapp/myenv/lib/python3.8/site-packages/django/core/management/commands/runserver.py", line 133, in inner_run
    self.check(display_num_errors=True)
  File "/home/webapp/myenv/lib/python3.8/site-packages/django/core/management/base.py", line 485, in check
    all_issues = checks.run_checks(
  File "/home/webapp/myenv/lib/python3.8/site-packages/django/core/checks/registry.py", line 88, in run_checks
    new_errors = check(app_configs=app_configs, databases=databases)
  File "/home/webapp/myenv/lib/python3.8/site-packages/django/core/checks/urls.py", line 14, in check_url_config
    return check_resolver(resolver)
  File "/home/webapp/myenv/lib/python3.8/site-packages/django/core/checks/urls.py", line 24, in check_resolver
    return check_method()
  File "/home/webapp/myenv/lib/python3.8/site-packages/django/urls/resolvers.py", line 494, in check
    for pattern in self.url_patterns:
  File "/home/webapp/myenv/lib/python3.8/site-packages/django/utils/functional.py", line 57, in __get__
    res = instance.__dict__[self.name] = self.func(instance)
  File "/home/webapp/myenv/lib/python3.8/site-packages/django/urls/resolvers.py", line 715, in url_patterns
    patterns = getattr(self.urlconf_module, "urlpatterns", self.urlconf_module)
  File "/home/webapp/myenv/lib/python3.8/site-packages/django/utils/functional.py", line 57, in __get__
    res = instance.__dict__[self.name] = self.func(instance)
  File "/home/webapp/myenv/lib/python3.8/site-packages/django/urls/resolvers.py", line 708, in urlconf_module
    return import_module(self.urlconf_name)
  File "/usr/lib/python3.8/importlib/__init__.py", line 127, in import_module
    return _bootstrap._gcd_import(name[level:], package, level)
  File "<frozen importlib._bootstrap>", line 1014, in _gcd_import
  File "<frozen importlib._bootstrap>", line 991, in _find_and_load
  File "<frozen importlib._bootstrap>", line 975, in _find_and_load_unlocked
  File "<frozen importlib._bootstrap>", line 671, in _load_unlocked
  File "<frozen importlib._bootstrap_external>", line 844, in exec_module
  File "<frozen importlib._bootstrap_external>", line 981, in get_code
  File "<frozen importlib._bootstrap_external>", line 911, in source_to_code
  File "<frozen importlib._bootstrap>", line 219, in _call_with_frames_removed
  File "/home/webapp/SiteIndex/SiteIndex/urls.py", line 25
    path('admin_tools_stats/',include('admin_tools_stats.urls')),
    ^
SyntaxError: invalid syntax
/home/webapp/SiteIndex/SiteIndex/urls.py changed, reloading.
Performing system checks...

Watching for file changes with StatReloader
[16/Feb/2024 15:50:48] "GET /admin/siteApp/siteinfo/ HTTP/1.1" 200 58145
Watching for file changes with StatReloader
[16/Feb/2024 16:49:35] "GET /admin/admin_tools_stats/dashboardstats/ HTTP/1.1" 200 17195
[16/Feb/2024 16:49:35] "GET /admin/jsi18n/ HTTP/1.1" 200 3343
[16/Feb/2024 16:55:15] "GET /admin/admin_tools_stats/dashboardstats/ HTTP/1.1" 200 17195
[16/Feb/2024 16:55:15] "GET /admin/jsi18n/ HTTP/1.1" 200 3343
/home/webapp/SiteIndex/SiteIndex/settings.py changed, reloading.
Performing system checks...

System check identified no issues (0 silenced).
February 16, 2024 - 16:49:26
Django version 4.2.6, using settings 'SiteIndex.settings'
Starting development server at http://70.36.107.109:6363/
Quit the server with CONTROL-C.

Watching for file changes with StatReloader
/home/webapp/myenv/lib/python3.8/site-packages/django/db/models/base.py:366: RuntimeWarning: Model 'admin_tools_stats.dashboardstatscriteria' was already registered. Reloading models is not advised as it can lead to inconsistencies, most notably with related models.
  new_class._meta.apps.register_model(new_class._meta.app_label, new_class)
/home/webapp/myenv/lib/python3.8/site-packages/django/db/models/base.py:366: RuntimeWarning: Model 'admin_tools_stats.dashboardstats' was already registered. Reloading models is not advised as it can lead to inconsistencies, most notably with related models.
  new_class._meta.apps.register_model(new_class._meta.app_label, new_class)
Exception in thread django-main-thread:
Traceback (most recent call last):
  File "/usr/lib/python3.8/threading.py", line 932, in _bootstrap_inner
    self.run()
  File "/usr/lib/python3.8/threading.py", line 870, in run
    self._target(*self._args, **self._kwargs)
  File "/home/webapp/myenv/lib/python3.8/site-packages/django/utils/autoreload.py", line 64, in wrapper
    fn(*args, **kwargs)
  File "/home/webapp/myenv/lib/python3.8/site-packages/django/core/management/commands/runserver.py", line 133, in inner_run
    self.check(display_num_errors=True)
  File "/home/webapp/myenv/lib/python3.8/site-packages/django/core/management/base.py", line 485, in check
    all_issues = checks.run_checks(
  File "/home/webapp/myenv/lib/python3.8/site-packages/django/core/checks/registry.py", line 88, in run_checks
    new_errors = check(app_configs=app_configs, databases=databases)
  File "/home/webapp/myenv/lib/python3.8/site-packages/django/core/checks/urls.py", line 14, in check_url_config
    return check_resolver(resolver)
  File "/home/webapp/myenv/lib/python3.8/site-packages/django/core/checks/urls.py", line 24, in check_resolver
    return check_method()
  File "/home/webapp/myenv/lib/python3.8/site-packages/django/urls/resolvers.py", line 494, in check
    for pattern in self.url_patterns:
  File "/home/webapp/myenv/lib/python3.8/site-packages/django/utils/functional.py", line 57, in __get__
    res = instance.__dict__[self.name] = self.func(instance)
  File "/home/webapp/myenv/lib/python3.8/site-packages/django/urls/resolvers.py", line 715, in url_patterns
    patterns = getattr(self.urlconf_module, "urlpatterns", self.urlconf_module)
  File "/home/webapp/myenv/lib/python3.8/site-packages/django/utils/functional.py", line 57, in __get__
    res = instance.__dict__[self.name] = self.func(instance)
  File "/home/webapp/myenv/lib/python3.8/site-packages/django/urls/resolvers.py", line 708, in urlconf_module
    return import_module(self.urlconf_name)
  File "/usr/lib/python3.8/importlib/__init__.py", line 127, in import_module
    return _bootstrap._gcd_import(name[level:], package, level)
  File "<frozen importlib._bootstrap>", line 1014, in _gcd_import
  File "<frozen importlib._bootstrap>", line 991, in _find_and_load
  File "<frozen importlib._bootstrap>", line 975, in _find_and_load_unlocked
  File "<frozen importlib._bootstrap>", line 671, in _load_unlocked
  File "<frozen importlib._bootstrap_external>", line 848, in exec_module
  File "<frozen importlib._bootstrap>", line 219, in _call_with_frames_removed
  File "/home/webapp/SiteIndex/SiteIndex/urls.py", line 25, in <module>
    path('admin_tools_stats/',include('admin_tools_stats.urls')),    
  File "/home/webapp/myenv/lib/python3.8/site-packages/django/urls/conf.py", line 38, in include
    urlconf_module = import_module(urlconf_module)
  File "/usr/lib/python3.8/importlib/__init__.py", line 127, in import_module
    return _bootstrap._gcd_import(name[level:], package, level)
  File "<frozen importlib._bootstrap>", line 1014, in _gcd_import
  File "<frozen importlib._bootstrap>", line 991, in _find_and_load
  File "<frozen importlib._bootstrap>", line 975, in _find_and_load_unlocked
  File "<frozen importlib._bootstrap>", line 671, in _load_unlocked
  File "<frozen importlib._bootstrap_external>", line 848, in exec_module
  File "<frozen importlib._bootstrap>", line 219, in _call_with_frames_removed
  File "/home/webapp/myenv/lib/python3.8/site-packages/admin_tools_stats/urls.py", line 3, in <module>
    from . import views
  File "/home/webapp/myenv/lib/python3.8/site-packages/admin_tools_stats/views.py", line 11, in <module>
    from .models import DashboardStats, Interval, get_charts_timezone, truncate_ceiling
  File "/home/webapp/myenv/lib/python3.8/site-packages/admin_tools_stats/models.py", line 822, in <module>
    class CriteriaToStatsM2M(models.Model):
  File "/home/webapp/myenv/lib/python3.8/site-packages/django/db/models/base.py", line 134, in __new__
    raise RuntimeError(
RuntimeError: Model class admin_tools_stats.models.CriteriaToStatsM2M doesn't declare an explicit app_label and isn't in an application in INSTALLED_APPS.
/home/webapp/SiteIndex/SiteIndex/settings.py changed, reloading.
Performing system checks...

Watching for file changes with StatReloader
[16/Feb/2024 16:56:04] "GET /admin/ HTTP/1.1" 200 20264
/home/webapp/SiteIndex/SiteIndex/settings.py changed, reloading.
Performing system checks...

System check identified no issues (0 silenced).
February 16, 2024 - 16:56:01
Django version 4.2.6, using settings 'SiteIndex.settings'
Starting development server at http://70.36.107.109:6363/
Quit the server with CONTROL-C.

Watching for file changes with StatReloader
Exception in thread django-main-thread:
Traceback (most recent call last):
  File "/usr/lib/python3.8/threading.py", line 932, in _bootstrap_inner
    self.run()
  File "/usr/lib/python3.8/threading.py", line 870, in run
    self._target(*self._args, **self._kwargs)
  File "/home/webapp/myenv/lib/python3.8/site-packages/django/utils/autoreload.py", line 64, in wrapper
    fn(*args, **kwargs)
  File "/home/webapp/myenv/lib/python3.8/site-packages/django/core/management/commands/runserver.py", line 125, in inner_run
    autoreload.raise_last_exception()
  File "/home/webapp/myenv/lib/python3.8/site-packages/django/utils/autoreload.py", line 87, in raise_last_exception
    raise _exception[1]
  File "/home/webapp/myenv/lib/python3.8/site-packages/django/core/management/__init__.py", line 394, in execute
    autoreload.check_errors(django.setup)()
  File "/home/webapp/myenv/lib/python3.8/site-packages/django/utils/autoreload.py", line 64, in wrapper
    fn(*args, **kwargs)
  File "/home/webapp/myenv/lib/python3.8/site-packages/django/__init__.py", line 24, in setup
    apps.populate(settings.INSTALLED_APPS)
  File "/home/webapp/myenv/lib/python3.8/site-packages/django/apps/registry.py", line 124, in populate
    app_config.ready()
  File "/home/webapp/myenv/lib/python3.8/site-packages/admin_interface/apps.py", line 13, in ready
    settings.check_installed_apps()
  File "/home/webapp/myenv/lib/python3.8/site-packages/admin_interface/settings.py", line 29, in check_installed_apps
    check_installed_app("colorfield")
  File "/home/webapp/myenv/lib/python3.8/site-packages/admin_interface/settings.py", line 11, in check_installed_app
    raise ImproperlyConfigured(
django.core.exceptions.ImproperlyConfigured: 'colorfield' is required, add it to settings.INSTALLED_APPS.
/home/webapp/SiteIndex/SiteIndex/settings.py changed, reloading.
Watching for file changes with StatReloader
Exception in thread django-main-thread:
Traceback (most recent call last):
  File "/usr/lib/python3.8/threading.py", line 932, in _bootstrap_inner
    self.run()
  File "/usr/lib/python3.8/threading.py", line 870, in run
    self._target(*self._args, **self._kwargs)
  File "/home/webapp/myenv/lib/python3.8/site-packages/django/utils/autoreload.py", line 64, in wrapper
    fn(*args, **kwargs)
  File "/home/webapp/myenv/lib/python3.8/site-packages/django/core/management/commands/runserver.py", line 125, in inner_run
    autoreload.raise_last_exception()
  File "/home/webapp/myenv/lib/python3.8/site-packages/django/utils/autoreload.py", line 87, in raise_last_exception
    raise _exception[1]
  File "/home/webapp/myenv/lib/python3.8/site-packages/django/core/management/__init__.py", line 394, in execute
    autoreload.check_errors(django.setup)()
  File "/home/webapp/myenv/lib/python3.8/site-packages/django/utils/autoreload.py", line 64, in wrapper
    fn(*args, **kwargs)
  File "/home/webapp/myenv/lib/python3.8/site-packages/django/__init__.py", line 24, in setup
    apps.populate(settings.INSTALLED_APPS)
  File "/home/webapp/myenv/lib/python3.8/site-packages/django/apps/registry.py", line 91, in populate
    app_config = AppConfig.create(entry)
  File "/home/webapp/myenv/lib/python3.8/site-packages/django/apps/config.py", line 193, in create
    import_module(entry)
  File "/usr/lib/python3.8/importlib/__init__.py", line 127, in import_module
    return _bootstrap._gcd_import(name[level:], package, level)
  File "<frozen importlib._bootstrap>", line 1014, in _gcd_import
  File "<frozen importlib._bootstrap>", line 991, in _find_and_load
  File "<frozen importlib._bootstrap>", line 973, in _find_and_load_unlocked
ModuleNotFoundError: No module named 'chartjs'
/home/webapp/SiteIndex/SiteIndex/settings.py changed, reloading.
Watching for file changes with StatReloader
Exception in thread django-main-thread:
Traceback (most recent call last):
  File "/usr/lib/python3.8/threading.py", line 932, in _bootstrap_inner
    self.run()
  File "/usr/lib/python3.8/threading.py", line 870, in run
    self._target(*self._args, **self._kwargs)
  File "/home/webapp/myenv/lib/python3.8/site-packages/django/utils/autoreload.py", line 64, in wrapper
    fn(*args, **kwargs)
  File "/home/webapp/myenv/lib/python3.8/site-packages/django/core/management/commands/runserver.py", line 125, in inner_run
    autoreload.raise_last_exception()
  File "/home/webapp/myenv/lib/python3.8/site-packages/django/utils/autoreload.py", line 87, in raise_last_exception
    raise _exception[1]
  File "/home/webapp/myenv/lib/python3.8/site-packages/django/core/management/__init__.py", line 394, in execute
    autoreload.check_errors(django.setup)()
  File "/home/webapp/myenv/lib/python3.8/site-packages/django/utils/autoreload.py", line 64, in wrapper
    fn(*args, **kwargs)
  File "/home/webapp/myenv/lib/python3.8/site-packages/django/__init__.py", line 24, in setup
    apps.populate(settings.INSTALLED_APPS)
  File "/home/webapp/myenv/lib/python3.8/site-packages/django/apps/registry.py", line 124, in populate
    app_config.ready()
  File "/home/webapp/myenv/lib/python3.8/site-packages/django/contrib/admin/apps.py", line 27, in ready
    self.module.autodiscover()
  File "/home/webapp/myenv/lib/python3.8/site-packages/django/contrib/admin/__init__.py", line 50, in autodiscover
    autodiscover_modules("admin", register_to=site)
  File "/home/webapp/myenv/lib/python3.8/site-packages/django/utils/module_loading.py", line 58, in autodiscover_modules
    import_module("%s.%s" % (app_config.name, module_to_search))
  File "/usr/lib/python3.8/importlib/__init__.py", line 127, in import_module
    return _bootstrap._gcd_import(name[level:], package, level)
  File "<frozen importlib._bootstrap>", line 1014, in _gcd_import
  File "<frozen importlib._bootstrap>", line 991, in _find_and_load
  File "<frozen importlib._bootstrap>", line 975, in _find_and_load_unlocked
  File "<frozen importlib._bootstrap>", line 671, in _load_unlocked
  File "<frozen importlib._bootstrap_external>", line 848, in exec_module
  File "<frozen importlib._bootstrap>", line 219, in _call_with_frames_removed
  File "/home/webapp/SiteIndex/siteApp/admin.py", line 1, in <module>
    from chartjs.views.lines import BaseLineChartView
ModuleNotFoundError: No module named 'chartjs.views'
/home/webapp/myenv/lib/python3.8/site-packages/chartjs/__init__.py changed, reloading.
Watching for file changes with StatReloader
[16/Feb/2024 17:25:08] "GET /admin/ HTTP/1.1" 302 0
[16/Feb/2024 17:25:08] "GET /admin/login/?next=/admin/ HTTP/1.1" 200 3224
[16/Feb/2024 17:25:09] "GET /static/admin/jazzmin.css HTTP/1.1" 304 0
[16/Feb/2024 17:25:09] "GET /static/assests/site.png HTTP/1.1" 304 0
[16/Feb/2024 17:25:13] "POST /admin/login/?next=/admin/ HTTP/1.1" 302 0
[16/Feb/2024 17:25:13] "GET /admin/ HTTP/1.1" 200 24270
[16/Feb/2024 17:25:15] "GET /admin/admin_interface/theme/ HTTP/1.1" 200 15541
[16/Feb/2024 17:25:15] "GET /admin/jsi18n/ HTTP/1.1" 200 3343
[16/Feb/2024 17:25:18] "GET /admin/siteApp/project/ HTTP/1.1" 200 17269
[16/Feb/2024 17:25:18] "GET /admin/jsi18n/ HTTP/1.1" 200 3343
Internal Server Error: /admin/siteApp/siteinfo/
Traceback (most recent call last):
  File "/home/webapp/myenv/lib/python3.8/site-packages/django/core/handlers/exception.py", line 55, in inner
    response = get_response(request)
  File "/home/webapp/myenv/lib/python3.8/site-packages/django/core/handlers/base.py", line 197, in _get_response
    response = wrapped_callback(request, *callback_args, **callback_kwargs)
  File "/home/webapp/myenv/lib/python3.8/site-packages/django/contrib/admin/options.py", line 688, in wrapper
    return self.admin_site.admin_view(view)(*args, **kwargs)
  File "/home/webapp/myenv/lib/python3.8/site-packages/django/utils/decorators.py", line 134, in _wrapper_view
    response = view_func(request, *args, **kwargs)
  File "/home/webapp/myenv/lib/python3.8/site-packages/django/views/decorators/cache.py", line 62, in _wrapper_view_func
    response = view_func(request, *args, **kwargs)
  File "/home/webapp/myenv/lib/python3.8/site-packages/django/contrib/admin/sites.py", line 242, in inner
    return view(request, *args, **kwargs)
  File "/home/webapp/SiteIndex/siteApp/admin.py", line 39, in changelist_view
    chart_view.initialize()
AttributeError: 'SiteInfoChartView' object has no attribute 'initialize'
[16/Feb/2024 17:25:22] "GET /admin/siteApp/siteinfo/ HTTP/1.1" 500 81426
[16/Feb/2024 17:25:25] "GET /admin/siteApp/project/ HTTP/1.1" 200 17269
[16/Feb/2024 17:25:27] "GET /admin/siteApp/project/ HTTP/1.1" 200 17269
[16/Feb/2024 17:25:28] "GET /admin/jsi18n/ HTTP/1.1" 200 3343
[16/Feb/2024 17:25:30] "GET /admin/siteApp/project/5/change/ HTTP/1.1" 200 15357
[16/Feb/2024 17:25:31] "GET /admin/jsi18n/ HTTP/1.1" 200 3343
[16/Feb/2024 17:25:36] "GET /admin/admin_interface/theme/ HTTP/1.1" 200 15541
[16/Feb/2024 17:25:36] "GET /admin/jsi18n/ HTTP/1.1" 200 3343
Internal Server Error: /admin/siteApp/siteinfo/
Traceback (most recent call last):
  File "/home/webapp/myenv/lib/python3.8/site-packages/django/core/handlers/exception.py", line 55, in inner
    response = get_response(request)
  File "/home/webapp/myenv/lib/python3.8/site-packages/django/core/handlers/base.py", line 197, in _get_response
    response = wrapped_callback(request, *callback_args, **callback_kwargs)
  File "/home/webapp/myenv/lib/python3.8/site-packages/django/contrib/admin/options.py", line 688, in wrapper
    return self.admin_site.admin_view(view)(*args, **kwargs)
  File "/home/webapp/myenv/lib/python3.8/site-packages/django/utils/decorators.py", line 134, in _wrapper_view
    response = view_func(request, *args, **kwargs)
  File "/home/webapp/myenv/lib/python3.8/site-packages/django/views/decorators/cache.py", line 62, in _wrapper_view_func
    response = view_func(request, *args, **kwargs)
  File "/home/webapp/myenv/lib/python3.8/site-packages/django/contrib/admin/sites.py", line 242, in inner
    return view(request, *args, **kwargs)
  File "/home/webapp/SiteIndex/siteApp/admin.py", line 39, in changelist_view
    chart_view.initialize()
AttributeError: 'SiteInfoChartView' object has no attribute 'initialize'
[16/Feb/2024 17:25:40] "GET /admin/siteApp/siteinfo/ HTTP/1.1" 500 81432
Watching for file changes with StatReloader
[16/Feb/2024 18:05:38] "GET / HTTP/1.1" 200 1295
[16/Feb/2024 18:05:38] "GET /static/upload.css HTTP/1.1" 200 4462
[16/Feb/2024 18:05:39] "GET /static/site.ico HTTP/1.1" 200 258782
[16/Feb/2024 18:05:40] "GET /static/siteimage.jpg HTTP/1.1" 200 688553
[16/Feb/2024 18:05:41] "GET /view/ HTTP/1.1" 200 3959
[16/Feb/2024 18:05:41] "GET /static/view.css HTTP/1.1" 200 1471
[16/Feb/2024 18:05:41] "GET /static/font.css HTTP/1.1" 200 280
[16/Feb/2024 18:05:42] "GET /static/font/Lexend_Deca/LexendDeca-Regular.ttf HTTP/1.1" 200 71052
Not Found: /robots.txt
[16/Feb/2024 18:40:34] "GET /robots.txt HTTP/1.1" 404 2916
[16/Feb/2024 18:40:40] "GET / HTTP/1.1" 200 1295
[16/Feb/2024 18:51:37] "GET / HTTP/1.1" 200 1295
[16/Feb/2024 20:35:19] "GET / HTTP/1.1" 200 1295
[17/Feb/2024 01:50:24] code 400, message Bad HTTP/0.9 request type ('\x16\x03\x03\x00\x8e\x01\x00\x00\x8a\x03\x03eÏÃ\x88úµ\x11#íA\x1bäÙ\\Btä\x8cÑ¯my')
[17/Feb/2024 01:50:24] You're accessing the development server over HTTPS, but it only supports HTTP.
[17/Feb/2024 01:50:24] code 400, message Bad request version ("6\x00\x00*À,À+À0À/\x00\x9f\x00\x9eÀ$À#À(À'À")
[17/Feb/2024 01:50:24] You're accessing the development server over HTTPS, but it only supports HTTP.
[17/Feb/2024 01:58:11] code 400, message Bad HTTP/0.9 request type ('\x03\x00\x00/*à\x00\x00\x00\x00\x00Cookie:')
[17/Feb/2024 01:58:11] "  /*à     Cookie: mstshash=Administr" 400 -
[17/Feb/2024 03:29:56] "GET / HTTP/1.1" 200 1295
[17/Feb/2024 04:07:11] "GET / HTTP/1.1" 200 1295
[17/Feb/2024 17:20:57] "GET / HTTP/1.1" 200 1295
[17/Feb/2024 17:20:57] "GET /static/upload.css HTTP/1.1" 200 4462
[17/Feb/2024 17:21:02] "GET /static/site.ico HTTP/1.1" 200 258782
[17/Feb/2024 17:21:07] "GET /view/ HTTP/1.1" 200 3959
[17/Feb/2024 17:21:07] "GET /static/view.css HTTP/1.1" 200 1471
[17/Feb/2024 17:21:08] "GET /static/font.css HTTP/1.1" 200 280
[17/Feb/2024 17:21:08] "GET /static/font/Lexend_Deca/LexendDeca-Regular.ttf HTTP/1.1" 200 71052
[17/Feb/2024 17:21:13] "GET /view/ HTTP/1.1" 200 3959
[17/Feb/2024 17:21:16] "GET / HTTP/1.1" 200 1295
[17/Feb/2024 17:21:21] "GET /view/ HTTP/1.1" 200 3959
[17/Feb/2024 17:21:21] "GET /static/siteimage.jpg HTTP/1.1" 200 688553
[18/Feb/2024 10:31:13] "GET / HTTP/1.1" 200 1295
[18/Feb/2024 16:32:33] "GET / HTTP/1.1" 200 1295
[19/Feb/2024 06:41:15] "GET / HTTP/1.1" 200 1295
[19/Feb/2024 11:52:37] "GET / HTTP/1.1" 200 1295
[19/Feb/2024 11:52:37] "GET /static/upload.css HTTP/1.1" 200 4462
[19/Feb/2024 11:52:38] "GET /static/site.ico HTTP/1.1" 200 258782
[19/Feb/2024 11:52:38] "GET /static/siteimage.jpg HTTP/1.1" 200 688553
[19/Feb/2024 11:52:39] "GET /view/ HTTP/1.1" 200 3959
[19/Feb/2024 11:52:39] "GET /static/view.css HTTP/1.1" 200 1471
[19/Feb/2024 11:52:40] "GET /static/font.css HTTP/1.1" 200 280
[19/Feb/2024 11:52:40] "GET /static/font/Lexend_Deca/LexendDeca-Regular.ttf HTTP/1.1" 200 71052
Not Found: /adminn/
[19/Feb/2024 11:52:45] "GET /adminn/ HTTP/1.1" 404 2912
Not Found: /favicon.ico
[19/Feb/2024 11:52:46] "GET /favicon.ico HTTP/1.1" 404 2924
[19/Feb/2024 11:52:49] "GET /admin/ HTTP/1.1" 302 0
[19/Feb/2024 11:52:50] "GET /admin/login/?next=/admin/ HTTP/1.1" 200 3224
[19/Feb/2024 11:52:50] "GET /static/vendor/fontawesome-free/css/all.min.css HTTP/1.1" 200 59344
[19/Feb/2024 11:52:50] "GET /static/jazzmin/css/main.css HTTP/1.1" 200 16969
[19/Feb/2024 11:52:50] "GET /static/admin/jazzmin.css HTTP/1.1" 200 77
[19/Feb/2024 11:52:51] "GET /static/vendor/bootswatch/superhero/bootstrap.min.css HTTP/1.1" 200 164559
[19/Feb/2024 11:52:51] "GET /static/admin/js/vendor/jquery/jquery.js HTTP/1.1" 200 292458
[19/Feb/2024 11:52:51] "GET /static/vendor/bootstrap/js/bootstrap.min.js HTTP/1.1" 200 62440
[19/Feb/2024 11:52:51] "GET /static/vendor/adminlte/js/adminlte.min.js HTTP/1.1" 200 44244
[19/Feb/2024 11:52:51] "GET /static/assests/site.png HTTP/1.1" 200 230532
[19/Feb/2024 11:52:51] "GET /static/vendor/adminlte/css/adminlte.min.css HTTP/1.1" 200 1382975
[19/Feb/2024 11:52:52] "GET /static/vendor/fontawesome-free/webfonts/fa-solid-900.woff2 HTTP/1.1" 200 78196
[19/Feb/2024 11:52:56] "POST /admin/login/?next=/admin/ HTTP/1.1" 302 0
[19/Feb/2024 11:52:56] "GET /admin/ HTTP/1.1" 200 20533
[19/Feb/2024 11:52:57] "GET /static/vendor/fontawesome-free/webfonts/fa-regular-400.woff2 HTTP/1.1" 200 13276
[19/Feb/2024 11:52:57] "GET /static/jazzmin/js/main.js HTTP/1.1" 200 2391
[19/Feb/2024 11:53:29] "GET /admin/siteApp/siteinfo/ HTTP/1.1" 200 56472
[19/Feb/2024 11:53:30] "GET /static/admin/js/jquery.init.js HTTP/1.1" 200 347
[19/Feb/2024 11:53:30] "GET /static/admin/js/admin/RelatedObjectLookups.js HTTP/1.1" 200 8943
[19/Feb/2024 11:53:30] "GET /static/admin/js/actions.js HTTP/1.1" 200 7872
[19/Feb/2024 11:53:30] "GET /static/admin/js/core.js HTTP/1.1" 200 5682
[19/Feb/2024 11:53:30] "GET /static/vendor/select2/css/select2.min.css HTTP/1.1" 200 16264
[19/Feb/2024 11:53:30] "GET /static/admin/js/urlify.js HTTP/1.1" 200 7887
[19/Feb/2024 11:53:30] "GET /static/admin/js/prepopulate.js HTTP/1.1" 200 1531
[19/Feb/2024 11:53:30] "GET /static/admin/img/icon-yes.svg HTTP/1.1" 200 436
[19/Feb/2024 11:53:30] "GET /static/admin/js/vendor/xregexp/xregexp.js HTTP/1.1" 200 232381
[19/Feb/2024 11:53:30] "GET /static/vendor/select2/js/select2.min.js HTTP/1.1" 200 73170
[19/Feb/2024 11:53:31] "GET /static/jazzmin/js/change_list.js HTTP/1.1" 200 2252
[19/Feb/2024 11:53:31] "GET /static/admin/img/icon-unknown.svg HTTP/1.1" 200 655
Not Found: /robots.txt
[19/Feb/2024 13:27:47] "GET /robots.txt HTTP/1.1" 404 2916
[19/Feb/2024 13:27:52] "GET / HTTP/1.1" 200 1295
[19/Feb/2024 18:24:10] "GET / HTTP/1.1" 200 1295
[19/Feb/2024 23:58:06] "GET / HTTP/1.1" 200 1295
[20/Feb/2024 02:01:20] "GET / HTTP/1.1" 200 1295
[20/Feb/2024 02:01:21] "GET /static/site.ico HTTP/1.1" 200 258782
[20/Feb/2024 10:34:22] "GET / HTTP/1.0" 200 1295
[20/Feb/2024 10:34:26] "GET /static/site.ico HTTP/1.1" 200 258782
Not Found: /robots.txt
[20/Feb/2024 10:34:34] "GET /robots.txt HTTP/1.1" 404 2921
Not Found: /.well-known/security.txt
[20/Feb/2024 10:34:36] "GET /.well-known/security.txt HTTP/1.1" 404 2963
[20/Feb/2024 14:16:10] "GET / HTTP/1.1" 200 1295
[20/Feb/2024 14:16:10] "GET /static/upload.css HTTP/1.1" 200 4462
[20/Feb/2024 14:16:13] "GET /static/site.ico HTTP/1.1" 200 258782
[20/Feb/2024 14:16:14] "GET /view/ HTTP/1.1" 200 3959
[20/Feb/2024 14:16:15] "GET /static/view.css HTTP/1.1" 200 1471
[20/Feb/2024 14:16:15] "GET /static/siteimage.jpg HTTP/1.1" 200 688553
[20/Feb/2024 14:16:15] "GET /static/font.css HTTP/1.1" 200 280
[20/Feb/2024 14:16:16] "GET /static/font/Lexend_Deca/LexendDeca-Regular.ttf HTTP/1.1" 200 71052
[20/Feb/2024 15:16:15] "GET /view/ HTTP/1.1" 200 3959
[20/Feb/2024 18:55:02] "GET / HTTP/1.1" 200 1295
[21/Feb/2024 09:48:14] "GET / HTTP/1.1" 200 1295
[21/Feb/2024 10:01:33] "GET / HTTP/1.1" 200 1295
[21/Feb/2024 13:32:33] "GET /admin/assets/js/views/login.js HTTP/1.1" 302 0
[21/Feb/2024 13:32:34] "GET /admin/login/?next=/admin/assets/js/views/login.js HTTP/1.1" 200 3248
[21/Feb/2024 13:32:34] code 400, message Bad request version ('À(À$À\x14À')
[21/Feb/2024 13:32:34] You're accessing the development server over HTTPS, but it only supports HTTP.
Not Found: /_asterisk/graph.php
[21/Feb/2024 14:32:36] "GET /_asterisk/graph.php HTTP/1.1" 404 2948
[21/Feb/2024 14:32:37] code 400, message Bad request version ('À(À$À\x14À')
[21/Feb/2024 14:32:37] You're accessing the development server over HTTPS, but it only supports HTTP.
Not Found: /_asterisk/graph.php
[21/Feb/2024 15:23:00] "GET /_asterisk/graph.php HTTP/1.1" 404 2948
[21/Feb/2024 15:23:01] code 400, message Bad request version ('À(À$À\x14À')
[21/Feb/2024 15:23:01] You're accessing the development server over HTTPS, but it only supports HTTP.
[21/Feb/2024 16:09:35] "GET /admin/views/config.php HTTP/1.1" 302 0
[21/Feb/2024 16:09:35] "GET /admin/login/?next=/admin/views/config.php HTTP/1.1" 200 3240
[21/Feb/2024 16:09:35] code 400, message Bad request version ('À(À$À\x14À')
[21/Feb/2024 16:09:35] You're accessing the development server over HTTPS, but it only supports HTTP.
Not Found: /assets
[21/Feb/2024 16:56:52] "GET /assets HTTP/1.1" 404 2909
[21/Feb/2024 16:56:53] code 400, message Bad request version ('À(À$À\x14À')
[21/Feb/2024 16:56:53] You're accessing the development server over HTTPS, but it only supports HTTP.
Not Found: /assets/graph.php
[21/Feb/2024 17:46:16] "GET /assets/graph.php HTTP/1.1" 404 2939
[21/Feb/2024 17:46:17] code 400, message Bad request version ('À(À$À\x14À')
[21/Feb/2024 17:46:17] You're accessing the development server over HTTPS, but it only supports HTTP.
Not Found: /robots.txt
[21/Feb/2024 17:57:00] "GET /robots.txt HTTP/1.1" 404 2916
[21/Feb/2024 17:57:05] "GET /view/ HTTP/1.1" 200 3959
Not Found: /assets/phpversions.php
[21/Feb/2024 18:34:34] "GET /assets/phpversions.php HTTP/1.1" 404 2957
[21/Feb/2024 18:34:39] code 400, message Bad request version ('À(À$À\x14À')
[21/Feb/2024 18:34:39] You're accessing the development server over HTTPS, but it only supports HTTP.
Not Found: /digium_phones/ajax.php
[21/Feb/2024 19:22:43] "GET /digium_phones/ajax.php HTTP/1.1" 404 2957
[21/Feb/2024 19:22:45] code 400, message Bad request version ('À(À$À\x14À')
[21/Feb/2024 19:22:45] You're accessing the development server over HTTPS, but it only supports HTTP.
Not Found: /recordings/graph.php
[21/Feb/2024 20:12:24] "GET /recordings/graph.php HTTP/1.1" 404 2951
[21/Feb/2024 20:12:25] code 400, message Bad HTTP/0.9 request type ("\x16\x03\x01\x00Ý\x01\x00\x00Ù\x03\x03·\x8b,\x81\x15Pk´ÃcMÈ³{èH´)'ÐÇNV÷\x9d¼\x8c©Zî¢\x01\x00\x00bÀ0À,À/À+\x00\x9f\x00\x9eÀ2À.À1À-\x00¥\x00¡\x00¤\x00")
[21/Feb/2024 20:12:25] You're accessing the development server over HTTPS, but it only supports HTTP.
Not Found: /recordings/index.php
[21/Feb/2024 20:59:19] "GET /recordings/index.php HTTP/1.1" 404 2951
[21/Feb/2024 20:59:20] code 400, message Bad request version ('À(À$À\x14À')
[21/Feb/2024 20:59:20] You're accessing the development server over HTTPS, but it only supports HTTP.
Not Found: /recordings/misc/graph.php
[21/Feb/2024 21:47:17] "GET /recordings/misc/graph.php HTTP/1.1" 404 2966
[21/Feb/2024 21:47:18] code 400, message Bad request version ('À(À$À\x14À')
[21/Feb/2024 21:47:18] You're accessing the development server over HTTPS, but it only supports HTTP.
Not Found: /recordings/misc/phpversions.php
[21/Feb/2024 22:37:21] "GET /recordings/misc/phpversions.php HTTP/1.1" 404 2984
[21/Feb/2024 22:37:21] code 400, message Bad request version ('À(À$À\x14À')
[21/Feb/2024 22:37:21] You're accessing the development server over HTTPS, but it only supports HTTP.
Not Found: /_asterisk/phpversions.php
[21/Feb/2024 23:24:32] "GET /_asterisk/phpversions.php HTTP/1.1" 404 2966
[21/Feb/2024 23:24:34] code 400, message Bad request version ('À(À$À\x14À')
[21/Feb/2024 23:24:34] You're accessing the development server over HTTPS, but it only supports HTTP.
Not Found: /recordings/phpversions.php
[22/Feb/2024 00:13:40] "GET /recordings/phpversions.php HTTP/1.1" 404 2969
[22/Feb/2024 00:13:41] code 400, message Bad request version ('À(À$À\x14À')
[22/Feb/2024 00:13:41] You're accessing the development server over HTTPS, but it only supports HTTP.
Not Found: /recordings/theme/main.css
[22/Feb/2024 00:55:49] "GET /recordings/theme/main.css HTTP/1.1" 404 2966
[22/Feb/2024 00:55:50] code 400, message Bad HTTP/0.9 request type ('\x16\x03\x01\x00Ý\x01\x00\x00Ù\x03\x03\x8btæXQ$*\x15Õr50\x12')
[22/Feb/2024 00:55:50] You're accessing the development server over HTTPS, but it only supports HTTP.
[22/Feb/2024 01:13:36] "GET / HTTP/1.1" 200 1295
Not Found: /remote/fgt_lang
[22/Feb/2024 01:44:12] "GET /remote/fgt_lang?lang=/../../../..//////////dev/cmdb/sslvpn_websession HTTP/1.1" 404 2990
[22/Feb/2024 01:44:15] code 400, message Bad HTTP/0.9 request type ('\x16\x03\x01\x00Ý\x01\x00\x00Ù\x03\x03½¢*\x06\x97\x1aÌ/H¨Ý9\x04!Lë?±PÁ©\x182|ü\x07\x86ÿ_\x86Â\x8e\x00\x00bÀ0À,À/À+\x00\x9f\x00\x9eÀ2À.À1À-\x00¥\x00¡\x00¤\x00')
[22/Feb/2024 01:44:15] You're accessing the development server over HTTPS, but it only supports HTTP.
Not Found: /restapps/
[22/Feb/2024 02:42:49] "GET /restapps/ HTTP/1.1" 404 2918
[22/Feb/2024 02:42:50] code 400, message Bad request version ('À(À$À\x14À')
[22/Feb/2024 02:42:50] You're accessing the development server over HTTPS, but it only supports HTTP.
[22/Feb/2024 03:33:53] "GET / HTTP/1.1" 200 1295
Not Found: /vtigercrm/index.php
[22/Feb/2024 04:20:36] "GET /vtigercrm/index.php HTTP/1.1" 404 2948
[22/Feb/2024 04:20:37] code 400, message Bad HTTP/0.9 request type ('\x16\x03\x01\x00Ý\x01\x00\x00Ù\x03\x03ú\x05\x15òkÊ¯"\x15EôêÞ_×±¥\x9d¨o×v²V\x95\x12PÙÏ]°É\x00\x00bÀ0À,À/À+\x00\x9f\x00\x9eÀ2À.À1À-\x00¥\x00¡\x00¤\x00')
[22/Feb/2024 04:20:37] You're accessing the development server over HTTPS, but it only supports HTTP.
Not Found: /phpversions.php
[22/Feb/2024 05:59:13] "GET /phpversions.php HTTP/1.1" 404 2936
[22/Feb/2024 05:59:14] code 400, message Bad request version ('À(À$À\x14À')
[22/Feb/2024 05:59:14] You're accessing the development server over HTTPS, but it only supports HTTP.
Not Found: /a2billing/admin/Public/graph.php
[22/Feb/2024 08:24:04] "GET /a2billing/admin/Public/graph.php HTTP/1.1" 404 2987
[22/Feb/2024 08:24:04] code 400, message Bad HTTP/0.9 request type ("\x16\x03\x01\x00Ý\x01\x00\x00Ù\x03\x03dé5¸'b\x11\x87\x86|;ê\x04QÒæ$ûrúvfÀ\x98Ñãæ\x9dnÓbX\x00\x00bÀ0À,À/À+\x00\x9f\x00\x9eÀ2À.À1À-\x00¥\x00¡\x00¤\x00")
[22/Feb/2024 08:24:04] You're accessing the development server over HTTPS, but it only supports HTTP.
[22/Feb/2024 09:25:33] code 400, message Bad HTTP/0.9 request type ('\x03\x00\x00/*à\x00\x00\x00\x00\x00Cookie:')
[22/Feb/2024 09:25:33] "  /*à     Cookie: mstshash=Administr" 400 -
[22/Feb/2024 10:46:50] "GET / HTTP/1.1" 200 1295
[22/Feb/2024 10:46:50] "GET /static/upload.css HTTP/1.1" 200 4462
[22/Feb/2024 10:46:51] "GET /static/site.ico HTTP/1.1" 200 258782
[22/Feb/2024 10:46:52] "GET /static/siteimage.jpg HTTP/1.1" 200 688553
[22/Feb/2024 10:46:54] "GET /view/ HTTP/1.1" 200 3959
[22/Feb/2024 10:46:54] "GET /static/view.css HTTP/1.1" 200 1471
[22/Feb/2024 10:46:55] "GET /static/font.css HTTP/1.1" 200 280
[22/Feb/2024 10:46:56] "GET /static/font/Lexend_Deca/LexendDeca-Regular.ttf HTTP/1.1" 200 71052
[22/Feb/2024 12:54:30] "GET /admin/i18n/readme.txt HTTP/1.1" 302 0
[22/Feb/2024 12:54:30] "GET /admin/login/?next=/admin/i18n/readme.txt HTTP/1.1" 200 3239
Not Found: /recordings/misc/graph.php
[22/Feb/2024 14:27:49] "GET /recordings/misc/graph.php HTTP/1.1" 404 2966
[22/Feb/2024 14:27:49] code 400, message Bad HTTP/0.9 request type ('\x16\x03\x01\x00Ý\x01\x00\x00Ù\x03\x03\x1bFôÉ\x93ï@\x03Ex\x81æ\x02i¥tÓgØ\x89$\x9d\x01M\x8cyM®\x19&p#\x00\x00bÀ0À,À/À+\x00\x9f\x00\x9eÀ2À.À1À-\x00¥\x00¡\x00¤\x00')
[22/Feb/2024 14:27:49] You're accessing the development server over HTTPS, but it only supports HTTP.
[22/Feb/2024 18:41:41] code 400, message Bad request version ('\x00\x9eÌ¨Ìª\x003\x00=\x00\x16À')
[22/Feb/2024 18:41:41] You're accessing the development server over HTTPS, but it only supports HTTP.
[22/Feb/2024 18:41:52] "GET / HTTP/1.1" 200 1295
[22/Feb/2024 18:42:11] "GET /static/site.ico HTTP/1.1" 200 258782
Not Found: /robots.txt
[22/Feb/2024 18:42:12] "GET /robots.txt HTTP/1.1" 404 2921
Not Found: /sitemap.xml
[22/Feb/2024 18:42:13] "GET /sitemap.xml HTTP/1.1" 404 2924
[22/Feb/2024 18:46:14] "GET / HTTP/1.1" 200 1295
[22/Feb/2024 22:58:43] "GET /admin/views/config.php HTTP/1.1" 302 0
[22/Feb/2024 22:58:43] "GET /admin/login/?next=/admin/views/config.php HTTP/1.1" 200 3240
[22/Feb/2024 23:04:56] "GET /view/ HTTP/1.1" 200 3959
[23/Feb/2024 02:53:41] "GET / HTTP/1.1" 200 1295
Not Found: /recordings/index.php
[23/Feb/2024 03:02:59] "GET /recordings/index.php HTTP/1.1" 404 2951
[23/Feb/2024 04:21:45] "GET / HTTP/1.1" 200 1295
[23/Feb/2024 04:21:46] "GET /static/site.ico HTTP/1.1" 200 258782
Not Found: /recordings/misc/phpversions.php
[23/Feb/2024 04:23:28] "GET /recordings/misc/phpversions.php HTTP/1.1" 404 2984
Not Found: /_asterisk/phpversions.php
[23/Feb/2024 05:02:25] "GET /_asterisk/phpversions.php HTTP/1.1" 404 2966
Not Found: /recordings/theme/main.css
[23/Feb/2024 06:21:11] "GET /recordings/theme/main.css HTTP/1.1" 404 2966
[23/Feb/2024 06:21:13] code 400, message Bad request version ('À(À$À\x14À')
[23/Feb/2024 06:21:13] You're accessing the development server over HTTPS, but it only supports HTTP.
[23/Feb/2024 13:10:37] code 400, message Bad request version ('À\x13À')
[23/Feb/2024 13:10:37] You're accessing the development server over HTTPS, but it only supports HTTP.
[23/Feb/2024 13:10:47] "GET / HTTP/1.1" 200 1295
[23/Feb/2024 13:10:50,706] - Broken pipe from ('49.51.172.69', 11696)
[23/Feb/2024 13:11:06] "GET / HTTP/1.1" 200 1295
[23/Feb/2024 13:11:07] "GET /static/site.ico HTTP/1.1" 200 258782
Not Found: /a2billing/admin/Public/index.php
[23/Feb/2024 13:42:57] "GET /a2billing/admin/Public/index.php HTTP/1.1" 404 2987
[23/Feb/2024 13:42:58] code 400, message Bad HTTP/0.9 request type ('\x16\x03\x01\x00Ý\x01\x00\x00Ù\x03\x03U\x12Ü`-Ï\x87Îl9sEÂ\x00\x84')
[23/Feb/2024 13:42:58] You're accessing the development server over HTTPS, but it only supports HTTP.
Not Found: //
[23/Feb/2024 19:05:29] "GET // HTTP/1.1" 404 2894
[23/Feb/2024 19:05:30] code 400, message Bad request syntax ('\x16\x03\x01\x00Ý\x01\x00\x00Ù\x03\x03\x12\x9eC´\x8fóÄ3e\x88vh¦òÎÓûm\x83\x8b\x17Ý\x15&')
[23/Feb/2024 19:05:30] You're accessing the development server over HTTPS, but it only supports HTTP.
Not Found: /robots.txt
[23/Feb/2024 23:18:04] "GET /robots.txt HTTP/1.1" 404 2916
[23/Feb/2024 23:18:08] "GET /static/view.css HTTP/1.1" 200 1471
[23/Feb/2024 23:34:14] "GET /static/font.css HTTP/1.1" 200 280
[23/Feb/2024 23:34:15] "GET /static/font/Lexend_Deca/LexendDeca-Regular.ttf HTTP/1.1" 200 71052
Not Found: /_asterisk/graph.php
[23/Feb/2024 23:57:56] "GET /_asterisk/graph.php HTTP/1.1" 404 2948
[24/Feb/2024 02:20:57] "GET / HTTP/1.1" 200 1295
[24/Feb/2024 09:56:00] "GET / HTTP/1.1" 200 1295
[24/Feb/2024 13:20:17] "GET / HTTP/1.1" 200 1295
[24/Feb/2024 13:20:17] "GET /static/upload.css HTTP/1.1" 200 4462
[24/Feb/2024 13:20:18] "GET /static/site.ico HTTP/1.1" 200 258782
[24/Feb/2024 13:20:18] "GET /static/siteimage.jpg HTTP/1.1" 200 688553
[24/Feb/2024 13:20:23] "GET /admin HTTP/1.1" 301 0
Internal Server Error: /admin/
Traceback (most recent call last):
  File "/home/webapp/myenv/lib/python3.8/site-packages/django/contrib/sessions/backends/base.py", line 187, in _get_session
    return self._session_cache
AttributeError: 'SessionStore' object has no attribute '_session_cache'

During handling of the above exception, another exception occurred:

Traceback (most recent call last):
  File "/home/webapp/myenv/lib/python3.8/site-packages/django/db/backends/base/base.py", line 289, in ensure_connection
    self.connect()
  File "/home/webapp/myenv/lib/python3.8/site-packages/django/utils/asyncio.py", line 26, in inner
    return func(*args, **kwargs)
  File "/home/webapp/myenv/lib/python3.8/site-packages/django/db/backends/base/base.py", line 270, in connect
    self.connection = self.get_new_connection(conn_params)
  File "/home/webapp/myenv/lib/python3.8/site-packages/django/utils/asyncio.py", line 26, in inner
    return func(*args, **kwargs)
  File "/home/webapp/myenv/lib/python3.8/site-packages/django/db/backends/postgresql/base.py", line 275, in get_new_connection
    connection = self.Database.connect(**conn_params)
  File "/home/webapp/myenv/lib/python3.8/site-packages/psycopg2/__init__.py", line 122, in connect
    conn = _connect(dsn, connection_factory=connection_factory, **kwasync)
psycopg2.OperationalError: connection to server at "70.36.107.109", port 9501 failed: Connection refused
	Is the server running on that host and accepting TCP/IP connections?


The above exception was the direct cause of the following exception:

Traceback (most recent call last):
  File "/home/webapp/myenv/lib/python3.8/site-packages/django/core/handlers/exception.py", line 55, in inner
    response = get_response(request)
  File "/home/webapp/myenv/lib/python3.8/site-packages/django/core/handlers/base.py", line 197, in _get_response
    response = wrapped_callback(request, *callback_args, **callback_kwargs)
  File "/home/webapp/myenv/lib/python3.8/site-packages/django/contrib/admin/sites.py", line 261, in wrapper
    return self.admin_view(view, cacheable)(*args, **kwargs)
  File "/home/webapp/myenv/lib/python3.8/site-packages/django/utils/decorators.py", line 134, in _wrapper_view
    response = view_func(request, *args, **kwargs)
  File "/home/webapp/myenv/lib/python3.8/site-packages/django/views/decorators/cache.py", line 62, in _wrapper_view_func
    response = view_func(request, *args, **kwargs)
  File "/home/webapp/myenv/lib/python3.8/site-packages/django/contrib/admin/sites.py", line 230, in inner
    if not self.has_permission(request):
  File "/home/webapp/myenv/lib/python3.8/site-packages/django/contrib/admin/sites.py", line 203, in has_permission
    return request.user.is_active and request.user.is_staff
  File "/home/webapp/myenv/lib/python3.8/site-packages/django/utils/functional.py", line 266, in inner
    self._setup()
  File "/home/webapp/myenv/lib/python3.8/site-packages/django/utils/functional.py", line 419, in _setup
    self._wrapped = self._setupfunc()
  File "/home/webapp/myenv/lib/python3.8/site-packages/django/contrib/auth/middleware.py", line 25, in <lambda>
    request.user = SimpleLazyObject(lambda: get_user(request))
  File "/home/webapp/myenv/lib/python3.8/site-packages/django/contrib/auth/middleware.py", line 11, in get_user
    request._cached_user = auth.get_user(request)
  File "/home/webapp/myenv/lib/python3.8/site-packages/django/contrib/auth/__init__.py", line 191, in get_user
    user_id = _get_user_session_key(request)
  File "/home/webapp/myenv/lib/python3.8/site-packages/django/contrib/auth/__init__.py", line 60, in _get_user_session_key
    return get_user_model()._meta.pk.to_python(request.session[SESSION_KEY])
  File "/home/webapp/myenv/lib/python3.8/site-packages/django/contrib/sessions/backends/base.py", line 53, in __getitem__
    return self._session[key]
  File "/home/webapp/myenv/lib/python3.8/site-packages/django/contrib/sessions/backends/base.py", line 192, in _get_session
    self._session_cache = self.load()
  File "/home/webapp/myenv/lib/python3.8/site-packages/django/contrib/sessions/backends/db.py", line 42, in load
    s = self._get_session_from_db()
  File "/home/webapp/myenv/lib/python3.8/site-packages/django/contrib/sessions/backends/db.py", line 32, in _get_session_from_db
    return self.model.objects.get(
  File "/home/webapp/myenv/lib/python3.8/site-packages/django/db/models/manager.py", line 87, in manager_method
    return getattr(self.get_queryset(), name)(*args, **kwargs)
  File "/home/webapp/myenv/lib/python3.8/site-packages/django/db/models/query.py", line 633, in get
    num = len(clone)
  File "/home/webapp/myenv/lib/python3.8/site-packages/django/db/models/query.py", line 380, in __len__
    self._fetch_all()
  File "/home/webapp/myenv/lib/python3.8/site-packages/django/db/models/query.py", line 1881, in _fetch_all
    self._result_cache = list(self._iterable_class(self))
  File "/home/webapp/myenv/lib/python3.8/site-packages/django/db/models/query.py", line 91, in __iter__
    results = compiler.execute_sql(
  File "/home/webapp/myenv/lib/python3.8/site-packages/django/db/models/sql/compiler.py", line 1560, in execute_sql
    cursor = self.connection.cursor()
  File "/home/webapp/myenv/lib/python3.8/site-packages/django/utils/asyncio.py", line 26, in inner
    return func(*args, **kwargs)
  File "/home/webapp/myenv/lib/python3.8/site-packages/django/db/backends/base/base.py", line 330, in cursor
    return self._cursor()
  File "/home/webapp/myenv/lib/python3.8/site-packages/django/db/backends/base/base.py", line 306, in _cursor
    self.ensure_connection()
  File "/home/webapp/myenv/lib/python3.8/site-packages/django/utils/asyncio.py", line 26, in inner
    return func(*args, **kwargs)
  File "/home/webapp/myenv/lib/python3.8/site-packages/django/db/backends/base/base.py", line 289, in ensure_connection
    self.connect()
  File "/home/webapp/myenv/lib/python3.8/site-packages/django/db/utils.py", line 91, in __exit__
    raise dj_exc_value.with_traceback(traceback) from exc_value
  File "/home/webapp/myenv/lib/python3.8/site-packages/django/db/backends/base/base.py", line 289, in ensure_connection
    self.connect()
  File "/home/webapp/myenv/lib/python3.8/site-packages/django/utils/asyncio.py", line 26, in inner
    return func(*args, **kwargs)
  File "/home/webapp/myenv/lib/python3.8/site-packages/django/db/backends/base/base.py", line 270, in connect
    self.connection = self.get_new_connection(conn_params)
  File "/home/webapp/myenv/lib/python3.8/site-packages/django/utils/asyncio.py", line 26, in inner
    return func(*args, **kwargs)
  File "/home/webapp/myenv/lib/python3.8/site-packages/django/db/backends/postgresql/base.py", line 275, in get_new_connection
    connection = self.Database.connect(**conn_params)
  File "/home/webapp/myenv/lib/python3.8/site-packages/psycopg2/__init__.py", line 122, in connect
    conn = _connect(dsn, connection_factory=connection_factory, **kwasync)
django.db.utils.OperationalError: connection to server at "70.36.107.109", port 9501 failed: Connection refused
	Is the server running on that host and accepting TCP/IP connections?

[24/Feb/2024 13:20:23] "GET /admin/ HTTP/1.1" 500 226924
Not Found: /favicon.ico
[24/Feb/2024 13:20:25] "GET /favicon.ico HTTP/1.1" 404 2924
/home/webapp/SiteIndex/SiteIndex/settings.py changed, reloading.
Performing system checks...

System check identified no issues (0 silenced).
February 16, 2024 - 17:34:53
Django version 4.2.6, using settings 'SiteIndex.settings'
Starting development server at http://70.36.107.109:6363/
Quit the server with CONTROL-C.

Watching for file changes with StatReloader
[24/Feb/2024 13:22:08] "GET /admin/ HTTP/1.1" 302 0
[24/Feb/2024 13:22:08] "GET /admin/login/?next=/admin/ HTTP/1.1" 200 3224
[24/Feb/2024 13:22:08] "GET /static/vendor/fontawesome-free/css/all.min.css HTTP/1.1" 200 59344
[24/Feb/2024 13:22:09] "GET /static/jazzmin/css/main.css HTTP/1.1" 200 16969
[24/Feb/2024 13:22:09] "GET /static/admin/jazzmin.css HTTP/1.1" 200 77
[24/Feb/2024 13:22:09] "GET /static/vendor/bootswatch/superhero/bootstrap.min.css HTTP/1.1" 200 164559
[24/Feb/2024 13:22:09] "GET /static/vendor/bootstrap/js/bootstrap.min.js HTTP/1.1" 200 62440
[24/Feb/2024 13:22:09] "GET /static/admin/js/vendor/jquery/jquery.js HTTP/1.1" 200 285314
[24/Feb/2024 13:22:09] "GET /static/vendor/adminlte/js/adminlte.min.js HTTP/1.1" 200 44244
[24/Feb/2024 13:22:09] "GET /static/assests/site.png HTTP/1.1" 200 230532
[24/Feb/2024 13:22:10] "GET /static/vendor/adminlte/css/adminlte.min.css HTTP/1.1" 200 1382975
[24/Feb/2024 13:22:11] "GET /static/vendor/fontawesome-free/webfonts/fa-solid-900.woff2 HTTP/1.1" 200 78196
[24/Feb/2024 13:22:15] "POST /admin/login/?next=/admin/ HTTP/1.1" 302 0
[24/Feb/2024 13:22:15] "GET /admin/ HTTP/1.1" 200 20497
[24/Feb/2024 13:22:16] "GET /static/vendor/fontawesome-free/webfonts/fa-regular-400.woff2 HTTP/1.1" 200 13276
[24/Feb/2024 13:22:16] "GET /static/jazzmin/js/main.js HTTP/1.1" 200 2391
[24/Feb/2024 13:22:17] "GET /admin/siteApp/siteinfo/ HTTP/1.1" 200 56472
[24/Feb/2024 13:22:17] "GET /static/admin/js/core.js HTTP/1.1" 200 6208
[24/Feb/2024 13:22:17] "GET /static/admin/js/actions.js HTTP/1.1" 200 8067
[24/Feb/2024 13:22:17] "GET /static/admin/js/admin/RelatedObjectLookups.js HTTP/1.1" 200 9042
[24/Feb/2024 13:22:17] "GET /static/admin/js/jquery.init.js HTTP/1.1" 200 347
[24/Feb/2024 13:22:17] "GET /static/vendor/select2/css/select2.min.css HTTP/1.1" 200 16264
[24/Feb/2024 13:22:18] "GET /static/admin/js/prepopulate.js HTTP/1.1" 200 1531
[24/Feb/2024 13:22:18] "GET /static/admin/js/urlify.js HTTP/1.1" 200 7887
[24/Feb/2024 13:22:18] "GET /static/admin/js/vendor/xregexp/xregexp.js HTTP/1.1" 200 325171
[24/Feb/2024 13:22:18] "GET /static/admin/img/icon-yes.svg HTTP/1.1" 200 436
[24/Feb/2024 13:22:18] "GET /static/vendor/select2/js/select2.min.js HTTP/1.1" 200 73170
[24/Feb/2024 13:22:18] "GET /static/jazzmin/js/change_list.js HTTP/1.1" 200 2252
[24/Feb/2024 13:22:19] "GET /static/admin/img/icon-unknown.svg HTTP/1.1" 200 655
